Started by user [8mha:////4FuKQpR+Hx+hFMBRosHVjRR3/PPmO0vqcenFgFjgFLuxAAAAlx+LCAAAAAAAAP9b85aBtbiIQTGjNKU4P08vOT+vOD8nVc83PyU1x6OyILUoJzMv2y+/JJUBAhiZGBgqihhk0NSjKDWzXb3RdlLBUSYGJk8GtpzUvPSSDB8G5tKinBIGIZ+sxLJE/ZzEvHT94JKizLx0a6BxUmjGOUNodHsLgAzOEgZu/dLi1CL9gsS8lEQA7ptgJcAAAAA=[0mArkadiusz
Running as SYSTEM
Building remotely on [8mha:////4CpIPyJZXlyXs9OYmI60c+kLlHQJUqdh+GM390kI6u5lAAAAmx+LCAAAAAAAAP9b85aBtbiIQTGjNKU4P08vOT+vOD8nVc83PyU1x6OyILUoJzMv2y+/JJUBAhiZGBgqihhk0NSjKDWzXb3RdlLBUSYGJk8GtpzUvPSSDB8G5tKinBIGIZ+sxLJE/ZzEvHT94JKizLx0a6BxUmjGOUNodHsLgAzWEgZ+/eT83ILSktQi/eCcxLJUAE32xgfEAAAA[0mSlave (dockerslave) in workspace /home/workspace/CodePull
The recommended git tool is: NONE
No credentials specified
 > git rev-parse --resolve-git-dir /home/workspace/CodePull/.git # timeout=10
Fetching changes from the remote Git repository
 > git config remote.origin.url https://github.com/4rk4d1u52/panda_application.git # timeout=10
Fetching upstream changes from https://github.com/4rk4d1u52/panda_application.git
 > git --version # timeout=10
 > git --version # 'git version 2.17.1'
 > git fetch --tags --progress -- https://github.com/4rk4d1u52/panda_application.git +refs/heads/*:refs/remotes/origin/* # timeout=10
 > git rev-parse refs/remotes/origin/selenium_grid^{commit} # timeout=10
Checking out Revision d6c20f697c1a1781fc95268f95c7a46bd77c01eb (refs/remotes/origin/selenium_grid)
 > git config core.sparsecheckout # timeout=10
 > git checkout -f d6c20f697c1a1781fc95268f95c7a46bd77c01eb # timeout=10
Commit message: "add HelloControler.java and PandaApplication.java to source/main/java/pl/pandait/panda"
 > git rev-list --no-walk 796b94fc38a14a18b81f99c7cef9638e7f7af6c7 # timeout=10
[CodePull] $ /home/tools/hudson.tasks.Maven_MavenInstallation/m3/bin/mvn clean install
[INFO] Scanning for projects...
[INFO] 
[INFO] --------------------------< pl.pandait:panda >--------------------------
[INFO] Building panda 0.0.1
[INFO]   from pom.xml
[INFO] --------------------------------[ jar ]---------------------------------
[INFO] 
[INFO] --- clean:3.1.0:clean (default-clean) @ panda ---
[INFO] Deleting /home/workspace/CodePull/target
[INFO] 
[INFO] --- resources:3.1.0:resources (default-resources) @ panda ---
[INFO] Using 'UTF-8' encoding to copy filtered resources.
[INFO] Copying 1 resource
[INFO] Copying 2 resources
[INFO] 
[INFO] --- compiler:3.8.1:compile (default-compile) @ panda ---
[INFO] Changes detected - recompiling the module!
[INFO] Compiling 2 source files to /home/workspace/CodePull/target/classes
[INFO] 
[INFO] --- compiler:3.8.1:compile (default) @ panda ---
[INFO] Changes detected - recompiling the module!
[INFO] Compiling 2 source files to /home/workspace/CodePull/target/classes
[INFO] 
[INFO] --- resources:3.1.0:testResources (default-testResources) @ panda ---
[INFO] Using 'UTF-8' encoding to copy filtered resources.
[INFO] skip non existing resourceDirectory /home/workspace/CodePull/src/test/resources
[INFO] 
[INFO] --- compiler:3.8.1:testCompile (default-testCompile) @ panda ---
[INFO] Changes detected - recompiling the module!
[INFO] Compiling 3 source files to /home/workspace/CodePull/target/test-classes
[INFO] 
[INFO] --- surefire:2.22.2:test (default-test) @ panda ---
Downloading from central: https://repo.maven.apache.org/maven2/org/apache/maven/surefire/maven-surefire-common/2.22.2/maven-surefire-common-2.22.2.pom
Progress (1): 1.4/11 kBProgress (1): 2.7/11 kBProgress (1): 4.1/11 kBProgress (1): 5.5/11 kBProgress (1): 6.9/11 kBProgress (1): 8.2/11 kBProgress (1): 9.6/11 kBProgress (1): 11/11 kB Progress (1): 11 kB                      Downloaded from central: https://repo.maven.apache.org/maven2/org/apache/maven/surefire/maven-surefire-common/2.22.2/maven-surefire-common-2.22.2.pom (11 kB at 7.1 kB/s)
Downloading from central: https://repo.maven.apache.org/maven2/org/apache/maven/plugin-tools/maven-plugin-annotations/3.5.2/maven-plugin-annotations-3.5.2.pom
Progress (1): 1.4/1.6 kBProgress (1): 1.6 kB                        Downloaded from central: https://repo.maven.apache.org/maven2/org/apache/maven/plugin-tools/maven-plugin-annotations/3.5.2/maven-plugin-annotations-3.5.2.pom (1.6 kB at 30 kB/s)
Downloading from central: https://repo.maven.apache.org/maven2/org/apache/maven/plugin-tools/maven-plugin-tools/3.5.2/maven-plugin-tools-3.5.2.pom
Progress (1): 1.4/15 kBProgress (1): 2.7/15 kBProgress (1): 4.1/15 kBProgress (1): 5.5/15 kBProgress (1): 6.9/15 kBProgress (1): 8.2/15 kBProgress (1): 9.6/15 kBProgress (1): 11/15 kB Progress (1): 12/15 kBProgress (1): 14/15 kBProgress (1): 15/15 kBProgress (1): 15 kB                      Downloaded from central: https://repo.maven.apache.org/maven2/org/apache/maven/plugin-tools/maven-plugin-tools/3.5.2/maven-plugin-tools-3.5.2.pom (15 kB at 171 kB/s)
Downloading from central: https://repo.maven.apache.org/maven2/org/apache/maven/surefire/surefire-api/2.22.2/surefire-api-2.22.2.pom
Progress (1): 1.4/3.5 kBProgress (1): 2.7/3.5 kBProgress (1): 3.5 kB                        Downloaded from central: https://repo.maven.apache.org/maven2/org/apache/maven/surefire/surefire-api/2.22.2/surefire-api-2.22.2.pom (3.5 kB at 88 kB/s)
Downloading from central: https://repo.maven.apache.org/maven2/org/apache/maven/surefire/surefire-logger-api/2.22.2/surefire-logger-api-2.22.2.pom
Progress (1): 1.4/2.0 kBProgress (1): 2.0 kB                        Downloaded from central: https://repo.maven.apache.org/maven2/org/apache/maven/surefire/surefire-logger-api/2.22.2/surefire-logger-api-2.22.2.pom (2.0 kB at 39 kB/s)
Downloading from central: https://repo.maven.apache.org/maven2/org/apache/maven/surefire/surefire-booter/2.22.2/surefire-booter-2.22.2.pom
Progress (1): 1.4/7.5 kBProgress (1): 2.7/7.5 kBProgress (1): 4.1/7.5 kBProgress (1): 5.5/7.5 kBProgress (1): 6.9/7.5 kBProgress (1): 7.5 kB                        Downloaded from central: https://repo.maven.apache.org/maven2/org/apache/maven/surefire/surefire-booter/2.22.2/surefire-booter-2.22.2.pom (7.5 kB at 110 kB/s)
Downloading from central: https://repo.maven.apache.org/maven2/org/codehaus/plexus/plexus-container-default/1.0-alpha-9-stable-1/plexus-container-default-1.0-alpha-9-stable-1.pom
Progress (1): 1.4/3.9 kBProgress (1): 2.7/3.9 kBProgress (1): 3.9 kB                        Downloaded from central: https://repo.maven.apache.org/maven2/org/codehaus/plexus/plexus-container-default/1.0-alpha-9-stable-1/plexus-container-default-1.0-alpha-9-stable-1.pom (3.9 kB at 96 kB/s)
Downloading from central: https://repo.maven.apache.org/maven2/org/codehaus/plexus/plexus-containers/1.0.3/plexus-containers-1.0.3.pom
Progress (1): 492 B                   Downloaded from central: https://repo.maven.apache.org/maven2/org/codehaus/plexus/plexus-containers/1.0.3/plexus-containers-1.0.3.pom (492 B at 9.5 kB/s)
Downloading from central: https://repo.maven.apache.org/maven2/org/codehaus/plexus/plexus/1.0.4/plexus-1.0.4.pom
Progress (1): 1.4/5.7 kBProgress (1): 2.7/5.7 kBProgress (1): 4.1/5.7 kBProgress (1): 5.5/5.7 kBProgress (1): 5.7 kB                        Downloaded from central: https://repo.maven.apache.org/maven2/org/codehaus/plexus/plexus/1.0.4/plexus-1.0.4.pom (5.7 kB at 140 kB/s)
Downloading from central: https://repo.maven.apache.org/maven2/org/hamcrest/hamcrest-core/1.3/hamcrest-core-1.3.pom
Progress (1): 766 B                   Downloaded from central: https://repo.maven.apache.org/maven2/org/hamcrest/hamcrest-core/1.3/hamcrest-core-1.3.pom (766 B at 20 kB/s)
Downloading from central: https://repo.maven.apache.org/maven2/org/hamcrest/hamcrest-parent/1.3/hamcrest-parent-1.3.pom
Progress (1): 1.4/2.0 kBProgress (1): 2.0 kB                        Downloaded from central: https://repo.maven.apache.org/maven2/org/hamcrest/hamcrest-parent/1.3/hamcrest-parent-1.3.pom (2.0 kB at 53 kB/s)
Downloading from central: https://repo.maven.apache.org/maven2/org/codehaus/plexus/plexus-utils/1.0.4/plexus-utils-1.0.4.pom
Progress (1): 6.9 kB                    Downloaded from central: https://repo.maven.apache.org/maven2/org/codehaus/plexus/plexus-utils/1.0.4/plexus-utils-1.0.4.pom (6.9 kB at 196 kB/s)
Downloading from central: https://repo.maven.apache.org/maven2/classworlds/classworlds/1.1-alpha-2/classworlds-1.1-alpha-2.pom
Progress (1): 3.1 kB                    Downloaded from central: https://repo.maven.apache.org/maven2/classworlds/classworlds/1.1-alpha-2/classworlds-1.1-alpha-2.pom (3.1 kB at 85 kB/s)
Downloading from central: https://repo.maven.apache.org/maven2/org/apache/maven/reporting/maven-reporting-api/3.0/maven-reporting-api-3.0.pom
Progress (1): 2.4 kB                    Downloaded from central: https://repo.maven.apache.org/maven2/org/apache/maven/reporting/maven-reporting-api/3.0/maven-reporting-api-3.0.pom (2.4 kB at 70 kB/s)
Downloading from central: https://repo.maven.apache.org/maven2/org/apache/maven/shared/maven-shared-components/15/maven-shared-components-15.pom
Progress (1): 9.3 kB                    Downloaded from central: https://repo.maven.apache.org/maven2/org/apache/maven/shared/maven-shared-components/15/maven-shared-components-15.pom (9.3 kB at 252 kB/s)
Downloading from central: https://repo.maven.apache.org/maven2/org/apache/maven/maven-parent/16/maven-parent-16.pom
Progress (1): 16/23 kBProgress (1): 23 kB                      Downloaded from central: https://repo.maven.apache.org/maven2/org/apache/maven/maven-parent/16/maven-parent-16.pom (23 kB at 495 kB/s)
Downloading from central: https://repo.maven.apache.org/maven2/org/apache/apache/7/apache-7.pom
Progress (1): 14 kB                   Downloaded from central: https://repo.maven.apache.org/maven2/org/apache/apache/7/apache-7.pom (14 kB at 380 kB/s)
Downloading from central: https://repo.maven.apache.org/maven2/classworlds/classworlds/1.1/classworlds-1.1.pom
Progress (1): 3.3 kB                    Downloaded from central: https://repo.maven.apache.org/maven2/classworlds/classworlds/1.1/classworlds-1.1.pom (3.3 kB at 98 kB/s)
Downloading from central: https://repo.maven.apache.org/maven2/org/apache/maven/maven-toolchain/2.2.1/maven-toolchain-2.2.1.pom
Progress (1): 3.3 kB                    Downloaded from central: https://repo.maven.apache.org/maven2/org/apache/maven/maven-toolchain/2.2.1/maven-toolchain-2.2.1.pom (3.3 kB at 88 kB/s)
Downloading from central: https://repo.maven.apache.org/maven2/com/thoughtworks/qdox/qdox/2.0-M8/qdox-2.0-M8.pom
Progress (1): 16 kB                   Downloaded from central: https://repo.maven.apache.org/maven2/com/thoughtworks/qdox/qdox/2.0-M8/qdox-2.0-M8.pom (16 kB at 386 kB/s)
Downloading from central: https://repo.maven.apache.org/maven2/org/apache/maven/surefire/maven-surefire-common/2.22.2/maven-surefire-common-2.22.2.jar
Downloading from central: https://repo.maven.apache.org/maven2/org/apache/maven/maven-plugin-api/2.2.1/maven-plugin-api-2.2.1.jar
Downloading from central: https://repo.maven.apache.org/maven2/org/apache/maven/surefire/surefire-logger-api/2.22.2/surefire-logger-api-2.22.2.jar
Downloading from central: https://repo.maven.apache.org/maven2/org/apache/maven/surefire/surefire-api/2.22.2/surefire-api-2.22.2.jar
Downloading from central: https://repo.maven.apache.org/maven2/org/apache/maven/plugin-tools/maven-plugin-annotations/3.5.2/maven-plugin-annotations-3.5.2.jar
Progress (1): 12 kB                   Downloaded from central: https://repo.maven.apache.org/maven2/org/apache/maven/maven-plugin-api/2.2.1/maven-plugin-api-2.2.1.jar (12 kB at 159 kB/s)
Downloading from central: https://repo.maven.apache.org/maven2/org/apache/maven/surefire/surefire-booter/2.22.2/surefire-booter-2.22.2.jar
Progress (1): 16/274 kBProgress (1): 32/274 kBProgress (1): 49/274 kBProgress (2): 49/274 kB | 1.4/186 kBProgress (3): 49/274 kB | 1.4/186 kB | 1.4/528 kBProgress (3): 65/274 kB | 1.4/186 kB | 1.4/528 kBProgress (3): 81/274 kB | 1.4/186 kB | 1.4/528 kBProgress (3): 81/274 kB | 2.7/186 kB | 1.4/528 kBProgress (3): 81/274 kB | 4.1/186 kB | 1.4/528 kBProgress (4): 81/274 kB | 4.1/186 kB | 1.4/528 kB | 1.4/13 kBProgress (4): 81/274 kB | 4.1/186 kB | 2.7/528 kB | 1.4/13 kBProgress (4): 81/274 kB | 4.1/186 kB | 2.7/528 kB | 2.7/13 kBProgress (4): 81/274 kB | 5.5/186 kB | 2.7/528 kB | 2.7/13 kBProgress (4): 98/274 kB | 5.5/186 kB | 2.7/528 kB | 2.7/13 kBProgress (4): 98/274 kB | 5.5/186 kB | 2.7/528 kB | 4.1/13 kBProgress (5): 98/274 kB | 5.5/186 kB | 2.7/528 kB | 4.1/13 kB | 1.4/14 kBProgress (5): 114/274 kB | 5.5/186 kB | 2.7/528 kB | 4.1/13 kB | 1.4/14 kBProgress (5): 114/274 kB | 6.9/186 kB | 2.7/528 kB | 4.1/13 kB | 1.4/14 kBProgress (5): 114/274 kB | 6.9/186 kB | 4.1/528 kB | 4.1/13 kB | 1.4/14 kBProgress (5): 114/274 kB | 6.9/186 kB | 5.5/528 kB | 4.1/13 kB | 1.4/14 kBProgress (5): 114/274 kB | 8.2/186 kB | 5.5/528 kB | 4.1/13 kB | 1.4/14 kBProgress (5): 131/274 kB | 8.2/186 kB | 5.5/528 kB | 4.1/13 kB | 1.4/14 kBProgress (5): 131/274 kB | 8.2/186 kB | 5.5/528 kB | 4.1/13 kB | 2.7/14 kBProgress (5): 131/274 kB | 8.2/186 kB | 5.5/528 kB | 4.1/13 kB | 4.1/14 kBProgress (5): 131/274 kB | 8.2/186 kB | 5.5/528 kB | 4.1/13 kB | 5.5/14 kBProgress (5): 131/274 kB | 8.2/186 kB | 5.5/528 kB | 4.1/13 kB | 6.9/14 kBProgress (5): 131/274 kB | 8.2/186 kB | 5.5/528 kB | 4.1/13 kB | 8.2/14 kBProgress (5): 131/274 kB | 8.2/186 kB | 5.5/528 kB | 4.1/13 kB | 9.6/14 kBProgress (5): 131/274 kB | 8.2/186 kB | 5.5/528 kB | 4.1/13 kB | 11/14 kB Progress (5): 131/274 kB | 8.2/186 kB | 5.5/528 kB | 4.1/13 kB | 12/14 kBProgress (5): 131/274 kB | 8.2/186 kB | 5.5/528 kB | 4.1/13 kB | 14/14 kBProgress (5): 131/274 kB | 8.2/186 kB | 5.5/528 kB | 5.5/13 kB | 14/14 kBProgress (5): 131/274 kB | 8.2/186 kB | 5.5/528 kB | 5.5/13 kB | 14 kB   Progress (5): 131/274 kB | 9.6/186 kB | 5.5/528 kB | 5.5/13 kB | 14 kBProgress (5): 131/274 kB | 11/186 kB | 5.5/528 kB | 5.5/13 kB | 14 kB Progress (5): 131/274 kB | 11/186 kB | 6.9/528 kB | 5.5/13 kB | 14 kB                                                                     Downloaded from central: https://repo.maven.apache.org/maven2/org/apache/maven/plugin-tools/maven-plugin-annotations/3.5.2/maven-plugin-annotations-3.5.2.jar (14 kB at 81 kB/s)
Progress (4): 131/274 kB | 11/186 kB | 6.9/528 kB | 6.9/13 kBProgress (4): 131/274 kB | 11/186 kB | 6.9/528 kB | 8.2/13 kBProgress (4): 131/274 kB | 11/186 kB | 6.9/528 kB | 9.6/13 kBProgress (4): 131/274 kB | 11/186 kB | 8.2/528 kB | 9.6/13 kB                                                             Downloading from central: https://repo.maven.apache.org/maven2/org/apache/maven/maven-artifact/2.2.1/maven-artifact-2.2.1.jar
Progress (4): 147/274 kB | 11/186 kB | 8.2/528 kB | 9.6/13 kBProgress (4): 147/274 kB | 11/186 kB | 8.2/528 kB | 11/13 kB Progress (4): 147/274 kB | 11/186 kB | 8.2/528 kB | 12/13 kBProgress (4): 147/274 kB | 11/186 kB | 8.2/528 kB | 13 kB   Progress (4): 147/274 kB | 12/186 kB | 8.2/528 kB | 13 kBProgress (4): 147/274 kB | 14/186 kB | 8.2/528 kB | 13 kBProgress (4): 147/274 kB | 15/186 kB | 8.2/528 kB | 13 kBProgress (4): 147/274 kB | 16/186 kB | 8.2/528 kB | 13 kBProgress (4): 147/274 kB | 18/186 kB | 8.2/528 kB | 13 kBProgress (4): 147/274 kB | 19/186 kB | 8.2/528 kB | 13 kBProgress (4): 147/274 kB | 19/186 kB | 9.6/528 kB | 13 kBProgress (4): 163/274 kB | 19/186 kB | 9.6/528 kB | 13 kBProgress (4): 180/274 kB | 19/186 kB | 9.6/528 kB | 13 kBProgress (4): 196/274 kB | 19/186 kB | 9.6/528 kB | 13 kBProgress (4): 212/274 kB | 19/186 kB | 9.6/528 kB | 13 kBProgress (4): 219/274 kB | 19/186 kB | 9.6/528 kB | 13 kBProgress (4): 236/274 kB | 19/186 kB | 9.6/528 kB | 13 kBProgress (4): 236/274 kB | 19/186 kB | 11/528 kB | 13 kB Progress (4): 236/274 kB | 19/186 kB | 12/528 kB | 13 kBProgress (4): 236/274 kB | 19/186 kB | 14/528 kB | 13 kBProgress (4): 252/274 kB | 19/186 kB | 14/528 kB | 13 kB                                                        Downloaded from central: https://repo.maven.apache.org/maven2/org/apache/maven/surefire/surefire-logger-api/2.22.2/surefire-logger-api-2.22.2.jar (13 kB at 62 kB/s)
Progress (3): 268/274 kB | 19/186 kB | 14/528 kBProgress (3): 268/274 kB | 19/186 kB | 15/528 kBProgress (3): 268/274 kB | 19/186 kB | 16/528 kBProgress (3): 268/274 kB | 21/186 kB | 16/528 kB                                                Downloading from central: https://repo.maven.apache.org/maven2/org/codehaus/plexus/plexus-utils/1.5.15/plexus-utils-1.5.15.jar
Progress (3): 274 kB | 21/186 kB | 16/528 kBProgress (3): 274 kB | 21/186 kB | 32/528 kBProgress (3): 274 kB | 21/186 kB | 49/528 kB                                            Downloaded from central: https://repo.maven.apache.org/maven2/org/apache/maven/surefire/surefire-booter/2.22.2/surefire-booter-2.22.2.jar (274 kB at 1.2 MB/s)
Downloading from central: https://repo.maven.apache.org/maven2/org/apache/maven/maven-plugin-descriptor/2.2.1/maven-plugin-descriptor-2.2.1.jar
Progress (2): 21/186 kB | 65/528 kBProgress (3): 21/186 kB | 65/528 kB | 1.4/80 kBProgress (3): 21/186 kB | 65/528 kB | 2.7/80 kBProgress (3): 21/186 kB | 81/528 kB | 2.7/80 kBProgress (3): 21/186 kB | 81/528 kB | 4.1/80 kBProgress (3): 21/186 kB | 81/528 kB | 5.5/80 kBProgress (3): 21/186 kB | 81/528 kB | 6.9/80 kBProgress (3): 21/186 kB | 81/528 kB | 8.2/80 kBProgress (3): 22/186 kB | 81/528 kB | 8.2/80 kBProgress (3): 22/186 kB | 98/528 kB | 8.2/80 kBProgress (3): 23/186 kB | 98/528 kB | 8.2/80 kBProgress (3): 25/186 kB | 98/528 kB | 8.2/80 kBProgress (3): 25/186 kB | 98/528 kB | 9.6/80 kBProgress (3): 25/186 kB | 98/528 kB | 11/80 kB Progress (3): 26/186 kB | 98/528 kB | 11/80 kBProgress (3): 27/186 kB | 98/528 kB | 11/80 kBProgress (3): 29/186 kB | 98/528 kB | 11/80 kBProgress (3): 30/186 kB | 98/528 kB | 11/80 kBProgress (3): 32/186 kB | 98/528 kB | 11/80 kBProgress (3): 33/186 kB | 98/528 kB | 11/80 kBProgress (3): 33/186 kB | 114/528 kB | 11/80 kBProgress (3): 33/186 kB | 114/528 kB | 12/80 kBProgress (3): 33/186 kB | 114/528 kB | 14/80 kBProgress (3): 33/186 kB | 114/528 kB | 15/80 kBProgress (3): 33/186 kB | 114/528 kB | 16/80 kBProgress (3): 33/186 kB | 114/528 kB | 32/80 kBProgress (3): 33/186 kB | 131/528 kB | 32/80 kBProgress (3): 33/186 kB | 147/528 kB | 32/80 kBProgress (3): 34/186 kB | 147/528 kB | 32/80 kBProgress (3): 34/186 kB | 147/528 kB | 49/80 kBProgress (3): 36/186 kB | 147/528 kB | 49/80 kBProgress (3): 36/186 kB | 163/528 kB | 49/80 kBProgress (3): 36/186 kB | 180/528 kB | 49/80 kBProgress (3): 37/186 kB | 180/528 kB | 49/80 kBProgress (3): 38/186 kB | 180/528 kB | 49/80 kBProgress (3): 40/186 kB | 180/528 kB | 49/80 kBProgress (3): 41/186 kB | 180/528 kB | 49/80 kBProgress (3): 41/186 kB | 180/528 kB | 65/80 kBProgress (3): 41/186 kB | 196/528 kB | 65/80 kBProgress (3): 41/186 kB | 212/528 kB | 65/80 kBProgress (3): 41/186 kB | 229/528 kB | 65/80 kBProgress (3): 43/186 kB | 229/528 kB | 65/80 kBProgress (3): 44/186 kB | 229/528 kB | 65/80 kBProgress (3): 45/186 kB | 229/528 kB | 65/80 kBProgress (3): 47/186 kB | 229/528 kB | 65/80 kBProgress (3): 48/186 kB | 229/528 kB | 65/80 kBProgress (3): 49/186 kB | 229/528 kB | 65/80 kBProgress (3): 51/186 kB | 229/528 kB | 65/80 kBProgress (3): 52/186 kB | 229/528 kB | 65/80 kBProgress (3): 53/186 kB | 229/528 kB | 65/80 kBProgress (3): 55/186 kB | 229/528 kB | 65/80 kBProgress (3): 56/186 kB | 229/528 kB | 65/80 kBProgress (4): 56/186 kB | 229/528 kB | 65/80 kB | 1.4/228 kBProgress (4): 56/186 kB | 229/528 kB | 65/80 kB | 2.7/228 kBProgress (4): 56/186 kB | 229/528 kB | 65/80 kB | 4.1/228 kBProgress (4): 56/186 kB | 229/528 kB | 65/80 kB | 5.5/228 kBProgress (5): 56/186 kB | 229/528 kB | 65/80 kB | 5.5/228 kB | 16/39 kBProgress (5): 56/186 kB | 229/528 kB | 65/80 kB | 5.5/228 kB | 33/39 kBProgress (5): 56/186 kB | 229/528 kB | 65/80 kB | 5.5/228 kB | 39 kB                                                                       Downloaded from central: https://repo.maven.apache.org/maven2/org/apache/maven/maven-plugin-descriptor/2.2.1/maven-plugin-descriptor-2.2.1.jar (39 kB at 135 kB/s)
Progress (4): 56/186 kB | 229/528 kB | 65/80 kB | 6.9/228 kBProgress (4): 56/186 kB | 229/528 kB | 65/80 kB | 8.2/228 kBProgress (4): 56/186 kB | 229/528 kB | 65/80 kB | 9.6/228 kBProgress (4): 56/186 kB | 229/528 kB | 65/80 kB | 11/228 kB Progress (4): 56/186 kB | 229/528 kB | 65/80 kB | 12/228 kBProgress (4): 56/186 kB | 229/528 kB | 80 kB | 12/228 kB                                                           Downloading from central: https://repo.maven.apache.org/maven2/org/codehaus/plexus/plexus-container-default/1.0-alpha-9-stable-1/plexus-container-default-1.0-alpha-9-stable-1.jar
Downloaded from central: https://repo.maven.apache.org/maven2/org/apache/maven/maven-artifact/2.2.1/maven-artifact-2.2.1.jar (80 kB at 271 kB/s)
Downloading from central: https://repo.maven.apache.org/maven2/org/hamcrest/hamcrest-core/1.3/hamcrest-core-1.3.jar
Progress (3): 56/186 kB | 245/528 kB | 12/228 kBProgress (3): 56/186 kB | 262/528 kB | 12/228 kBProgress (3): 56/186 kB | 278/528 kB | 12/228 kBProgress (3): 56/186 kB | 294/528 kB | 12/228 kBProgress (3): 56/186 kB | 294/528 kB | 14/228 kBProgress (3): 56/186 kB | 294/528 kB | 15/228 kBProgress (3): 58/186 kB | 294/528 kB | 15/228 kBProgress (3): 58/186 kB | 294/528 kB | 16/228 kBProgress (3): 58/186 kB | 294/528 kB | 32/228 kBProgress (3): 59/186 kB | 294/528 kB | 32/228 kBProgress (3): 60/186 kB | 294/528 kB | 32/228 kBProgress (3): 62/186 kB | 294/528 kB | 32/228 kBProgress (3): 63/186 kB | 294/528 kB | 32/228 kBProgress (3): 79/186 kB | 294/528 kB | 32/228 kBProgress (3): 79/186 kB | 311/528 kB | 32/228 kBProgress (3): 96/186 kB | 311/528 kB | 32/228 kBProgress (3): 112/186 kB | 311/528 kB | 32/228 kBProgress (3): 112/186 kB | 311/528 kB | 49/228 kBProgress (3): 129/186 kB | 311/528 kB | 49/228 kBProgress (3): 129/186 kB | 311/528 kB | 65/228 kBProgress (3): 145/186 kB | 311/528 kB | 65/228 kBProgress (3): 161/186 kB | 311/528 kB | 65/228 kBProgress (3): 178/186 kB | 311/528 kB | 65/228 kBProgress (3): 186 kB | 311/528 kB | 65/228 kB                                                 Downloaded from central: https://repo.maven.apache.org/maven2/org/apache/maven/surefire/surefire-api/2.22.2/surefire-api-2.22.2.jar (186 kB at 554 kB/s)
Downloading from central: https://repo.maven.apache.org/maven2/org/apache/maven/maven-project/2.2.1/maven-project-2.2.1.jar
Progress (2): 327/528 kB | 65/228 kBProgress (2): 327/528 kB | 81/228 kBProgress (2): 327/528 kB | 98/228 kBProgress (2): 344/528 kB | 98/228 kBProgress (2): 360/528 kB | 98/228 kBProgress (3): 360/528 kB | 98/228 kB | 16/45 kBProgress (3): 360/528 kB | 114/228 kB | 16/45 kBProgress (3): 360/528 kB | 114/228 kB | 32/45 kBProgress (3): 360/528 kB | 114/228 kB | 45 kB   Progress (3): 360/528 kB | 131/228 kB | 45 kBProgress (4): 360/528 kB | 131/228 kB | 45 kB | 16/194 kBProgress (4): 376/528 kB | 131/228 kB | 45 kB | 16/194 kB                                                         Downloaded from central: https://repo.maven.apache.org/maven2/org/hamcrest/hamcrest-core/1.3/hamcrest-core-1.3.jar (45 kB at 131 kB/s)
Progress (3): 376/528 kB | 131/228 kB | 32/194 kBProgress (3): 376/528 kB | 147/228 kB | 32/194 kBProgress (3): 376/528 kB | 147/228 kB | 49/194 kB                                                 Downloading from central: https://repo.maven.apache.org/maven2/org/apache/maven/maven-settings/2.2.1/maven-settings-2.2.1.jar
Progress (3): 393/528 kB | 147/228 kB | 49/194 kBProgress (3): 402/528 kB | 147/228 kB | 49/194 kBProgress (3): 418/528 kB | 147/228 kB | 49/194 kBProgress (3): 418/528 kB | 163/228 kB | 49/194 kBProgress (3): 418/528 kB | 163/228 kB | 65/194 kBProgress (3): 418/528 kB | 180/228 kB | 65/194 kBProgress (3): 418/528 kB | 180/228 kB | 81/194 kBProgress (3): 435/528 kB | 180/228 kB | 81/194 kBProgress (3): 451/528 kB | 180/228 kB | 81/194 kBProgress (3): 468/528 kB | 180/228 kB | 81/194 kBProgress (3): 468/528 kB | 180/228 kB | 98/194 kBProgress (3): 484/528 kB | 180/228 kB | 98/194 kBProgress (3): 484/528 kB | 180/228 kB | 114/194 kBProgress (3): 500/528 kB | 180/228 kB | 114/194 kBProgress (3): 500/528 kB | 196/228 kB | 114/194 kBProgress (3): 500/528 kB | 196/228 kB | 131/194 kBProgress (3): 500/528 kB | 212/228 kB | 131/194 kBProgress (3): 500/528 kB | 228 kB | 131/194 kB    Progress (4): 500/528 kB | 228 kB | 131/194 kB | 16/156 kBProgress (4): 517/528 kB | 228 kB | 131/194 kB | 16/156 kBProgress (4): 528 kB | 228 kB | 131/194 kB | 16/156 kB                                                          Downloaded from central: https://repo.maven.apache.org/maven2/org/codehaus/plexus/plexus-utils/1.5.15/plexus-utils-1.5.15.jar (228 kB at 599 kB/s)
Downloading from central: https://repo.maven.apache.org/maven2/org/apache/maven/maven-profile/2.2.1/maven-profile-2.2.1.jar
Progress (3): 528 kB | 147/194 kB | 16/156 kBProgress (3): 528 kB | 147/194 kB | 33/156 kB                                             Downloaded from central: https://repo.maven.apache.org/maven2/org/apache/maven/surefire/maven-surefire-common/2.22.2/maven-surefire-common-2.22.2.jar (528 kB at 1.3 MB/s)
Downloading from central: https://repo.maven.apache.org/maven2/org/apache/maven/maven-artifact-manager/2.2.1/maven-artifact-manager-2.2.1.jar
Progress (2): 147/194 kB | 49/156 kBProgress (2): 163/194 kB | 49/156 kBProgress (3): 163/194 kB | 49/156 kB | 16/49 kBProgress (3): 163/194 kB | 49/156 kB | 32/49 kBProgress (3): 163/194 kB | 49/156 kB | 49/49 kBProgress (3): 163/194 kB | 49/156 kB | 49 kB   Progress (3): 180/194 kB | 49/156 kB | 49 kBProgress (3): 194 kB | 49/156 kB | 49 kB                                            Downloaded from central: https://repo.maven.apache.org/maven2/org/codehaus/plexus/plexus-container-default/1.0-alpha-9-stable-1/plexus-container-default-1.0-alpha-9-stable-1.jar (194 kB at 470 kB/s)
Downloading from central: https://repo.maven.apache.org/maven2/backport-util-concurrent/backport-util-concurrent/3.1/backport-util-concurrent-3.1.jar
Downloaded from central: https://repo.maven.apache.org/maven2/org/apache/maven/maven-settings/2.2.1/maven-settings-2.2.1.jar (49 kB at 118 kB/s)
Progress (1): 66/156 kB                       Downloading from central: https://repo.maven.apache.org/maven2/org/apache/maven/maven-plugin-registry/2.2.1/maven-plugin-registry-2.2.1.jar
Progress (1): 82/156 kBProgress (1): 98/156 kBProgress (1): 115/156 kBProgress (1): 131/156 kBProgress (1): 147/156 kBProgress (1): 156 kB                        Downloaded from central: https://repo.maven.apache.org/maven2/org/apache/maven/maven-project/2.2.1/maven-project-2.2.1.jar (156 kB at 362 kB/s)
Downloading from central: https://repo.maven.apache.org/maven2/org/codehaus/plexus/plexus-interpolation/1.11/plexus-interpolation-1.11.jar
Progress (1): 16/68 kBProgress (1): 32/68 kBProgress (1): 49/68 kBProgress (1): 65/68 kBProgress (1): 68 kB                      Downloaded from central: https://repo.maven.apache.org/maven2/org/apache/maven/maven-artifact-manager/2.2.1/maven-artifact-manager-2.2.1.jar (68 kB at 153 kB/s)
Downloading from central: https://repo.maven.apache.org/maven2/org/apache/maven/maven-model/2.2.1/maven-model-2.2.1.jar
Progress (1): 16/35 kBProgress (1): 32/35 kBProgress (1): 35 kB                      Downloaded from central: https://repo.maven.apache.org/maven2/org/apache/maven/maven-profile/2.2.1/maven-profile-2.2.1.jar (35 kB at 79 kB/s)
Downloading from central: https://repo.maven.apache.org/maven2/org/apache/maven/maven-core/2.2.1/maven-core-2.2.1.jar
Progress (1): 16/51 kBProgress (1): 33/51 kBProgress (1): 49/51 kBProgress (1): 51 kB                      Downloaded from central: https://repo.maven.apache.org/maven2/org/codehaus/plexus/plexus-interpolation/1.11/plexus-interpolation-1.11.jar (51 kB at 105 kB/s)
Downloading from central: https://repo.maven.apache.org/maven2/org/apache/maven/maven-plugin-parameter-documenter/2.2.1/maven-plugin-parameter-documenter-2.2.1.jar
Progress (1): 16/88 kBProgress (2): 16/88 kB | 16/178 kBProgress (2): 16/88 kB | 32/178 kBProgress (2): 32/88 kB | 32/178 kBProgress (3): 32/88 kB | 32/178 kB | 16/30 kBProgress (3): 49/88 kB | 32/178 kB | 16/30 kBProgress (3): 49/88 kB | 49/178 kB | 16/30 kBProgress (3): 49/88 kB | 49/178 kB | 30 kB   Progress (3): 49/88 kB | 65/178 kB | 30 kBProgress (3): 49/88 kB | 81/178 kB | 30 kBProgress (3): 49/88 kB | 98/178 kB | 30 kBProgress (3): 65/88 kB | 98/178 kB | 30 kB                                          Downloaded from central: https://repo.maven.apache.org/maven2/org/apache/maven/maven-plugin-registry/2.2.1/maven-plugin-registry-2.2.1.jar (30 kB at 59 kB/s)
Downloading from central: https://repo.maven.apache.org/maven2/org/slf4j/slf4j-jdk14/1.5.6/slf4j-jdk14-1.5.6.jar
Progress (2): 81/88 kB | 98/178 kBProgress (2): 88 kB | 98/178 kB   Progress (3): 88 kB | 98/178 kB | 16/332 kBProgress (3): 88 kB | 98/178 kB | 32/332 kBProgress (3): 88 kB | 98/178 kB | 49/332 kBProgress (3): 88 kB | 98/178 kB | 65/332 kBProgress (3): 88 kB | 98/178 kB | 81/332 kBProgress (3): 88 kB | 98/178 kB | 98/332 kB                                           Downloaded from central: https://repo.maven.apache.org/maven2/org/apache/maven/maven-model/2.2.1/maven-model-2.2.1.jar (88 kB at 171 kB/s)
Downloading from central: https://repo.maven.apache.org/maven2/org/slf4j/slf4j-api/1.5.6/slf4j-api-1.5.6.jar
Progress (2): 98/178 kB | 114/332 kBProgress (2): 98/178 kB | 131/332 kBProgress (2): 114/178 kB | 131/332 kBProgress (2): 114/178 kB | 147/332 kBProgress (2): 114/178 kB | 163/332 kBProgress (2): 131/178 kB | 163/332 kBProgress (2): 147/178 kB | 163/332 kBProgress (2): 163/178 kB | 163/332 kBProgress (2): 178 kB | 163/332 kB                                     Downloaded from central: https://repo.maven.apache.org/maven2/org/apache/maven/maven-core/2.2.1/maven-core-2.2.1.jar (178 kB at 336 kB/s)
Downloading from central: https://repo.maven.apache.org/maven2/org/slf4j/jcl-over-slf4j/1.5.6/jcl-over-slf4j-1.5.6.jar
Progress (1): 180/332 kBProgress (2): 180/332 kB | 16/22 kBProgress (2): 180/332 kB | 22 kB                                   Downloaded from central: https://repo.maven.apache.org/maven2/org/apache/maven/maven-plugin-parameter-documenter/2.2.1/maven-plugin-parameter-documenter-2.2.1.jar (22 kB at 42 kB/s)
Downloading from central: https://repo.maven.apache.org/maven2/org/apache/maven/reporting/maven-reporting-api/3.0/maven-reporting-api-3.0.jar
Progress (1): 196/332 kBProgress (1): 212/332 kBProgress (1): 229/332 kBProgress (1): 245/332 kBProgress (1): 262/332 kBProgress (1): 278/332 kBProgress (1): 294/332 kBProgress (2): 294/332 kB | 8.8 kB                                 Downloaded from central: https://repo.maven.apache.org/maven2/org/slf4j/slf4j-jdk14/1.5.6/slf4j-jdk14-1.5.6.jar (8.8 kB at 16 kB/s)
Downloading from central: https://repo.maven.apache.org/maven2/org/apache/maven/maven-repository-metadata/2.2.1/maven-repository-metadata-2.2.1.jar
Progress (1): 311/332 kBProgress (1): 327/332 kBProgress (1): 332 kB                        Downloaded from central: https://repo.maven.apache.org/maven2/backport-util-concurrent/backport-util-concurrent/3.1/backport-util-concurrent-3.1.jar (332 kB at 591 kB/s)
Downloading from central: https://repo.maven.apache.org/maven2/org/apache/maven/maven-error-diagnostics/2.2.1/maven-error-diagnostics-2.2.1.jar
Progress (1): 16/22 kBProgress (1): 22 kB   Progress (2): 22 kB | 11 kB                           Downloaded from central: https://repo.maven.apache.org/maven2/org/apache/maven/reporting/maven-reporting-api/3.0/maven-reporting-api-3.0.jar (11 kB at 19 kB/s)
Downloading from central: https://repo.maven.apache.org/maven2/org/apache/maven/maven-monitor/2.2.1/maven-monitor-2.2.1.jar
Progress (2): 22 kB | 16/17 kBProgress (2): 22 kB | 17 kB                              Downloaded from central: https://repo.maven.apache.org/maven2/org/slf4j/jcl-over-slf4j/1.5.6/jcl-over-slf4j-1.5.6.jar (17 kB at 29 kB/s)
Downloading from central: https://repo.maven.apache.org/maven2/classworlds/classworlds/1.1/classworlds-1.1.jar
Downloaded from central: https://repo.maven.apache.org/maven2/org/slf4j/slf4j-api/1.5.6/slf4j-api-1.5.6.jar (22 kB at 38 kB/s)
Downloading from central: https://repo.maven.apache.org/maven2/org/apache/maven/maven-toolchain/2.2.1/maven-toolchain-2.2.1.jar
Progress (1): 16/26 kBProgress (2): 16/26 kB | 16/38 kBProgress (3): 16/26 kB | 16/38 kB | 13 kB                                         Downloaded from central: https://repo.maven.apache.org/maven2/org/apache/maven/maven-error-diagnostics/2.2.1/maven-error-diagnostics-2.2.1.jar (13 kB at 21 kB/s)
Progress (2): 16/26 kB | 33/38 kBProgress (2): 16/26 kB | 38 kB   Progress (3): 16/26 kB | 38 kB | 10 kB                                      Downloaded from central: https://repo.maven.apache.org/maven2/org/apache/maven/maven-monitor/2.2.1/maven-monitor-2.2.1.jar (10 kB at 17 kB/s)
Progress (3): 16/26 kB | 38 kB | 16/38 kB                                         Downloading from central: https://repo.maven.apache.org/maven2/com/thoughtworks/qdox/qdox/2.0-M8/qdox-2.0-M8.jar
Progress (3): 16/26 kB | 38 kB | 33/38 kBProgress (3): 16/26 kB | 38 kB | 38 kB                                         Downloaded from central: https://repo.maven.apache.org/maven2/org/apache/maven/maven-toolchain/2.2.1/maven-toolchain-2.2.1.jar (38 kB at 59 kB/s)
Downloaded from central: https://repo.maven.apache.org/maven2/classworlds/classworlds/1.1/classworlds-1.1.jar (38 kB at 59 kB/s)
Progress (1): 26 kB                   Downloaded from central: https://repo.maven.apache.org/maven2/org/apache/maven/maven-repository-metadata/2.2.1/maven-repository-metadata-2.2.1.jar (26 kB at 40 kB/s)
Progress (1): 16/316 kBProgress (1): 33/316 kBProgress (1): 49/316 kBProgress (1): 66/316 kBProgress (1): 82/316 kBProgress (1): 98/316 kBProgress (1): 115/316 kBProgress (1): 131/316 kBProgress (1): 147/316 kBProgress (1): 164/316 kBProgress (1): 180/316 kBProgress (1): 197/316 kBProgress (1): 213/316 kBProgress (1): 229/316 kBProgress (1): 246/316 kBProgress (1): 256/316 kBProgress (1): 272/316 kBProgress (1): 289/316 kBProgress (1): 305/316 kBProgress (1): 316 kB                        Downloaded from central: https://repo.maven.apache.org/maven2/com/thoughtworks/qdox/qdox/2.0-M8/qdox-2.0-M8.jar (316 kB at 423 kB/s)
Downloading from central: https://repo.maven.apache.org/maven2/org/apache/maven/surefire/surefire-junit-platform/2.22.2/surefire-junit-platform-2.22.2.pom
Progress (1): 7.0 kB                    Downloaded from central: https://repo.maven.apache.org/maven2/org/apache/maven/surefire/surefire-junit-platform/2.22.2/surefire-junit-platform-2.22.2.pom (7.0 kB at 155 kB/s)
Downloading from central: https://repo.maven.apache.org/maven2/org/apache/maven/surefire/surefire-providers/2.22.2/surefire-providers-2.22.2.pom
Progress (1): 2.5 kB                    Downloaded from central: https://repo.maven.apache.org/maven2/org/apache/maven/surefire/surefire-providers/2.22.2/surefire-providers-2.22.2.pom (2.5 kB at 78 kB/s)
Downloading from central: https://repo.maven.apache.org/maven2/org/junit/platform/junit-platform-launcher/1.3.1/junit-platform-launcher-1.3.1.pom
Progress (1): 2.2 kB                    Downloaded from central: https://repo.maven.apache.org/maven2/org/junit/platform/junit-platform-launcher/1.3.1/junit-platform-launcher-1.3.1.pom (2.2 kB at 63 kB/s)
Downloading from central: https://repo.maven.apache.org/maven2/org/apiguardian/apiguardian-api/1.0.0/apiguardian-api-1.0.0.pom
Progress (1): 1.2 kB                    Downloaded from central: https://repo.maven.apache.org/maven2/org/apiguardian/apiguardian-api/1.0.0/apiguardian-api-1.0.0.pom (1.2 kB at 33 kB/s)
Downloading from central: https://repo.maven.apache.org/maven2/org/junit/platform/junit-platform-engine/1.3.1/junit-platform-engine-1.3.1.pom
Progress (1): 2.4 kB                    Downloaded from central: https://repo.maven.apache.org/maven2/org/junit/platform/junit-platform-engine/1.3.1/junit-platform-engine-1.3.1.pom (2.4 kB at 75 kB/s)
Downloading from central: https://repo.maven.apache.org/maven2/org/junit/platform/junit-platform-commons/1.3.1/junit-platform-commons-1.3.1.pom
Progress (1): 2.0 kB                    Downloaded from central: https://repo.maven.apache.org/maven2/org/junit/platform/junit-platform-commons/1.3.1/junit-platform-commons-1.3.1.pom (2.0 kB at 58 kB/s)
Downloading from central: https://repo.maven.apache.org/maven2/org/opentest4j/opentest4j/1.1.1/opentest4j-1.1.1.pom
Progress (1): 1.7 kB                    Downloaded from central: https://repo.maven.apache.org/maven2/org/opentest4j/opentest4j/1.1.1/opentest4j-1.1.1.pom (1.7 kB at 45 kB/s)
Downloading from central: https://repo.maven.apache.org/maven2/org/apache/maven/surefire/surefire-junit-platform/2.22.2/surefire-junit-platform-2.22.2.jar
Downloading from central: https://repo.maven.apache.org/maven2/org/apiguardian/apiguardian-api/1.0.0/apiguardian-api-1.0.0.jar
Downloading from central: https://repo.maven.apache.org/maven2/org/junit/platform/junit-platform-commons/1.3.1/junit-platform-commons-1.3.1.jar
Downloading from central: https://repo.maven.apache.org/maven2/org/junit/platform/junit-platform-engine/1.3.1/junit-platform-engine-1.3.1.jar
Downloading from central: https://repo.maven.apache.org/maven2/org/junit/platform/junit-platform-launcher/1.3.1/junit-platform-launcher-1.3.1.jar
Progress (1): 16/66 kBProgress (1): 33/66 kBProgress (2): 33/66 kB | 2.2 kB                               Downloaded from central: https://repo.maven.apache.org/maven2/org/apiguardian/apiguardian-api/1.0.0/apiguardian-api-1.0.0.jar (2.2 kB at 60 kB/s)
Progress (1): 49/66 kBProgress (1): 66/66 kB                      Downloading from central: https://repo.maven.apache.org/maven2/org/opentest4j/opentest4j/1.1.1/opentest4j-1.1.1.jar
Progress (1): 66 kBProgress (2): 66 kB | 16/95 kBProgress (2): 66 kB | 32/95 kBProgress (3): 66 kB | 32/95 kB | 16/135 kB                                          Downloaded from central: https://repo.maven.apache.org/maven2/org/apache/maven/surefire/surefire-junit-platform/2.22.2/surefire-junit-platform-2.22.2.jar (66 kB at 845 kB/s)
Progress (2): 49/95 kB | 16/135 kBProgress (2): 49/95 kB | 32/135 kBProgress (3): 49/95 kB | 32/135 kB | 16/78 kBProgress (3): 49/95 kB | 49/135 kB | 16/78 kBProgress (3): 49/95 kB | 65/135 kB | 16/78 kBProgress (3): 49/95 kB | 81/135 kB | 16/78 kBProgress (4): 49/95 kB | 81/135 kB | 16/78 kB | 7.1 kBProgress (4): 49/95 kB | 98/135 kB | 16/78 kB | 7.1 kBProgress (4): 65/95 kB | 98/135 kB | 16/78 kB | 7.1 kBProgress (4): 81/95 kB | 98/135 kB | 16/78 kB | 7.1 kBProgress (4): 95 kB | 98/135 kB | 16/78 kB | 7.1 kB                                                      Downloaded from central: https://repo.maven.apache.org/maven2/org/opentest4j/opentest4j/1.1.1/opentest4j-1.1.1.jar (7.1 kB at 121 kB/s)
Downloaded from central: https://repo.maven.apache.org/maven2/org/junit/platform/junit-platform-launcher/1.3.1/junit-platform-launcher-1.3.1.jar (95 kB at 976 kB/s)
Progress (2): 114/135 kB | 16/78 kBProgress (2): 131/135 kB | 16/78 kBProgress (2): 135 kB | 16/78 kB    Progress (2): 135 kB | 33/78 kBProgress (2): 135 kB | 49/78 kB                               Downloaded from central: https://repo.maven.apache.org/maven2/org/junit/platform/junit-platform-engine/1.3.1/junit-platform-engine-1.3.1.jar (135 kB at 1.4 MB/s)
Progress (1): 66/78 kBProgress (1): 78 kB                      Downloaded from central: https://repo.maven.apache.org/maven2/org/junit/platform/junit-platform-commons/1.3.1/junit-platform-commons-1.3.1.jar (78 kB at 749 kB/s)
[INFO] 
[INFO] -------------------------------------------------------
[INFO]  T E S T S
[INFO] -------------------------------------------------------
[INFO] Running pl.pandait.panda.PandaApplicationTest
20:10:27.883 [main] DEBUG org.springframework.test.context.BootstrapUtils - Instantiating CacheAwareContextLoaderDelegate from class [org.springframework.test.context.cache.DefaultCacheAwareContextLoaderDelegate]
20:10:28.003 [main] DEBUG org.springframework.test.context.BootstrapUtils - Instantiating BootstrapContext using constructor [public org.springframework.test.context.support.DefaultBootstrapContext(java.lang.Class,org.springframework.test.context.CacheAwareContextLoaderDelegate)]
20:10:28.087 [main] DEBUG org.springframework.test.context.BootstrapUtils - Instantiating TestContextBootstrapper for test class [pl.pandait.panda.PandaApplicationTest] from class [org.springframework.boot.test.context.SpringBootTestContextBootstrapper]
20:10:28.120 [main] INFO org.springframework.boot.test.context.SpringBootTestContextBootstrapper - Neither @ContextConfiguration nor @ContextHierarchy found for test class [pl.pandait.panda.PandaApplicationTest], using SpringBootContextLoader
20:10:28.134 [main] DEBUG org.springframework.test.context.support.AbstractContextLoader - Did not detect default resource location for test class [pl.pandait.panda.PandaApplicationTest]: class path resource [pl/pandait/panda/PandaApplicationTest-context.xml] does not exist
20:10:28.136 [main] DEBUG org.springframework.test.context.support.AbstractContextLoader - Did not detect default resource location for test class [pl.pandait.panda.PandaApplicationTest]: class path resource [pl/pandait/panda/PandaApplicationTestContext.groovy] does not exist
20:10:28.137 [main] INFO org.springframework.test.context.support.AbstractContextLoader - Could not detect default resource locations for test class [pl.pandait.panda.PandaApplicationTest]: no resource found for suffixes {-context.xml, Context.groovy}.
20:10:28.138 [main] INFO org.springframework.test.context.support.AnnotationConfigContextLoaderUtils - Could not detect default configuration classes for test class [pl.pandait.panda.PandaApplicationTest]: PandaApplicationTest does not declare any static, non-private, non-final, nested classes annotated with @Configuration.
20:10:28.220 [main] DEBUG org.springframework.test.context.support.ActiveProfilesUtils - Could not find an 'annotation declaring class' for annotation type [org.springframework.test.context.ActiveProfiles] and class [pl.pandait.panda.PandaApplicationTest]
20:10:28.375 [main] DEBUG org.springframework.context.annotation.ClassPathScanningCandidateComponentProvider - Identified candidate component class: file [/home/workspace/CodePull/target/classes/pl/pandait/panda/PandaApplication.class]
20:10:28.377 [main] INFO org.springframework.boot.test.context.SpringBootTestContextBootstrapper - Found @SpringBootConfiguration pl.pandait.panda.PandaApplication for test class pl.pandait.panda.PandaApplicationTest
20:10:28.675 [main] DEBUG org.springframework.boot.test.context.SpringBootTestContextBootstrapper - @TestExecutionListeners is not present for class [pl.pandait.panda.PandaApplicationTest]: using defaults.
20:10:28.676 [main] INFO org.springframework.boot.test.context.SpringBootTestContextBootstrapper - Loaded default TestExecutionListener class names from location [META-INF/spring.factories]: [org.springframework.boot.test.mock.mockito.MockitoTestExecutionListener, org.springframework.boot.test.mock.mockito.ResetMocksTestExecutionListener, org.springframework.boot.test.autoconfigure.restdocs.RestDocsTestExecutionListener, org.springframework.boot.test.autoconfigure.web.client.MockRestServiceServerResetTestExecutionListener, org.springframework.boot.test.autoconfigure.web.servlet.MockMvcPrintOnlyOnFailureTestExecutionListener, org.springframework.boot.test.autoconfigure.web.servlet.WebDriverTestExecutionListener, org.springframework.test.context.web.ServletTestExecutionListener, org.springframework.test.context.support.DirtiesContextBeforeModesTestExecutionListener, org.springframework.test.context.support.DependencyInjectionTestExecutionListener, org.springframework.test.context.support.DirtiesContextTestExecutionListener, org.springframework.test.context.transaction.TransactionalTestExecutionListener, org.springframework.test.context.jdbc.SqlScriptsTestExecutionListener, org.springframework.test.context.event.EventPublishingTestExecutionListener]
20:10:28.692 [main] DEBUG org.springframework.boot.test.context.SpringBootTestContextBootstrapper - Skipping candidate TestExecutionListener [org.springframework.test.context.transaction.TransactionalTestExecutionListener] due to a missing dependency. Specify custom listener classes or make the default listener classes and their required dependencies available. Offending class: [org/springframework/transaction/interceptor/TransactionAttributeSource]
20:10:28.693 [main] DEBUG org.springframework.boot.test.context.SpringBootTestContextBootstrapper - Skipping candidate TestExecutionListener [org.springframework.test.context.jdbc.SqlScriptsTestExecutionListener] due to a missing dependency. Specify custom listener classes or make the default listener classes and their required dependencies available. Offending class: [org/springframework/transaction/interceptor/TransactionAttribute]
20:10:28.694 [main] INFO org.springframework.boot.test.context.SpringBootTestContextBootstrapper - Using TestExecutionListeners: [org.springframework.test.context.web.ServletTestExecutionListener@29a5f4e7, org.springframework.test.context.support.DirtiesContextBeforeModesTestExecutionListener@79c97cb, org.springframework.boot.test.mock.mockito.MockitoTestExecutionListener@2d9caaeb, org.springframework.boot.test.autoconfigure.SpringBootDependencyInjectionTestExecutionListener@42a15bdc, org.springframework.test.context.support.DirtiesContextTestExecutionListener@44a59da3, org.springframework.test.context.event.EventPublishingTestExecutionListener@27e47833, org.springframework.boot.test.mock.mockito.ResetMocksTestExecutionListener@6f6745d6, org.springframework.boot.test.autoconfigure.restdocs.RestDocsTestExecutionListener@27508c5d, org.springframework.boot.test.autoconfigure.web.client.MockRestServiceServerResetTestExecutionListener@4f704591, org.springframework.boot.test.autoconfigure.web.servlet.MockMvcPrintOnlyOnFailureTestExecutionListener@4b5189ac, org.springframework.boot.test.autoconfigure.web.servlet.WebDriverTestExecutionListener@1e4d3ce5]
20:10:28.699 [main] DEBUG org.springframework.test.context.support.AbstractDirtiesContextTestExecutionListener - Before test class: context [DefaultTestContext@16aa8654 testClass = PandaApplicationTest, testInstance = [null], testMethod = [null], testException = [null], mergedContextConfiguration = [WebMergedContextConfiguration@6d7fc27 testClass = PandaApplicationTest, locations = '{}', classes = '{class pl.pandait.panda.PandaApplication}', contextInitializerClasses = '[]', activeProfiles = '{}', propertySourceLocations = '{}', propertySourceProperties = '{org.springframework.boot.test.context.SpringBootTestContextBootstrapper=true}', contextCustomizers = set[org.springframework.boot.test.context.filter.ExcludeFilterContextCustomizer@65b3f4a4, org.springframework.boot.test.json.DuplicateJsonObjectContextCustomizerFactory$DuplicateJsonObjectContextCustomizer@50caa560, org.springframework.boot.test.mock.mockito.MockitoContextCustomizer@0, org.springframework.boot.test.web.client.TestRestTemplateContextCustomizer@1356d4d4, org.springframework.boot.test.autoconfigure.properties.PropertyMappingContextCustomizer@0, org.springframework.boot.test.autoconfigure.web.servlet.WebDriverContextCustomizerFactory$Customizer@5fa07e12], resourceBasePath = 'src/main/webapp', contextLoader = 'org.springframework.boot.test.context.SpringBootContextLoader', parent = [null]], attributes = map['org.springframework.test.context.web.ServletTestExecutionListener.activateListener' -> true]], class annotated with @DirtiesContext [false] with mode [null].
20:10:28.813 [main] DEBUG org.springframework.test.context.support.TestPropertySourceUtils - Adding inlined properties to environment: {spring.jmx.enabled=false, org.springframework.boot.test.context.SpringBootTestContextBootstrapper=true, server.port=-1}

  .   ____          _            __ _ _
 /\\ / ___'_ __ _ _(_)_ __  __ _ \ \ \ \
( ( )\___ | '_ | '_| | '_ \/ _` | \ \ \ \
 \\/  ___)| |_)| | | | | || (_| |  ) ) ) )
  '  |____| .__|_| |_|_| |_\__, | / / / /
 =========|_|==============|___/=/_/_/_/
 :: Spring Boot ::        (v2.2.4.RELEASE)

2023-02-27 20:10:29.825  INFO 425 --- [           main] pl.pandait.panda.PandaApplicationTest    : Starting PandaApplicationTest on d2aa0ebe2b52 with PID 425 (started by root in /home/workspace/CodePull)
2023-02-27 20:10:29.832  INFO 425 --- [           main] pl.pandait.panda.PandaApplicationTest    : No active profile set, falling back to default profiles: default
2023-02-27 20:10:35.612  INFO 425 --- [           main] o.s.s.concurrent.ThreadPoolTaskExecutor  : Initializing ExecutorService 'applicationTaskExecutor'
2023-02-27 20:10:35.823  INFO 425 --- [           main] o.s.b.a.w.s.WelcomePageHandlerMapping    : Adding welcome page: class path resource [static/index.html]
2023-02-27 20:10:36.322  INFO 425 --- [           main] pl.pandait.panda.PandaApplicationTest    : Started PandaApplicationTest in 7.456 seconds (JVM running for 476.367)
[INFO] Tests run: 1, Failures: 0, Errors: 0, Skipped: 0, Time elapsed: 10.318 s - in pl.pandait.panda.PandaApplicationTest
[INFO] Running pl.pandait.panda.HelloControllerTest
2023-02-27 20:10:37.256  INFO 425 --- [           main] .b.t.c.SpringBootTestContextBootstrapper : Neither @ContextConfiguration nor @ContextHierarchy found for test class [pl.pandait.panda.HelloControllerTest], using SpringBootContextLoader
2023-02-27 20:10:37.257  INFO 425 --- [           main] o.s.t.c.support.AbstractContextLoader    : Could not detect default resource locations for test class [pl.pandait.panda.HelloControllerTest]: no resource found for suffixes {-context.xml, Context.groovy}.
2023-02-27 20:10:37.258  INFO 425 --- [           main] t.c.s.AnnotationConfigContextLoaderUtils : Could not detect default configuration classes for test class [pl.pandait.panda.HelloControllerTest]: HelloControllerTest does not declare any static, non-private, non-final, nested classes annotated with @Configuration.
2023-02-27 20:10:37.260  INFO 425 --- [           main] .b.t.c.SpringBootTestContextBootstrapper : Found @SpringBootConfiguration pl.pandait.panda.PandaApplication for test class pl.pandait.panda.HelloControllerTest
2023-02-27 20:10:37.264  INFO 425 --- [           main] .b.t.c.SpringBootTestContextBootstrapper : Loaded default TestExecutionListener class names from location [META-INF/spring.factories]: [org.springframework.boot.test.mock.mockito.MockitoTestExecutionListener, org.springframework.boot.test.mock.mockito.ResetMocksTestExecutionListener, org.springframework.boot.test.autoconfigure.restdocs.RestDocsTestExecutionListener, org.springframework.boot.test.autoconfigure.web.client.MockRestServiceServerResetTestExecutionListener, org.springframework.boot.test.autoconfigure.web.servlet.MockMvcPrintOnlyOnFailureTestExecutionListener, org.springframework.boot.test.autoconfigure.web.servlet.WebDriverTestExecutionListener, org.springframework.test.context.web.ServletTestExecutionListener, org.springframework.test.context.support.DirtiesContextBeforeModesTestExecutionListener, org.springframework.test.context.support.DependencyInjectionTestExecutionListener, org.springframework.test.context.support.DirtiesContextTestExecutionListener, org.springframework.test.context.transaction.TransactionalTestExecutionListener, org.springframework.test.context.jdbc.SqlScriptsTestExecutionListener, org.springframework.test.context.event.EventPublishingTestExecutionListener]
2023-02-27 20:10:37.268  INFO 425 --- [           main] .b.t.c.SpringBootTestContextBootstrapper : Using TestExecutionListeners: [org.springframework.test.context.web.ServletTestExecutionListener@36790bec, org.springframework.test.context.support.DirtiesContextBeforeModesTestExecutionListener@461c3709, org.springframework.boot.test.mock.mockito.MockitoTestExecutionListener@7e3d7dd, org.springframework.boot.test.autoconfigure.SpringBootDependencyInjectionTestExecutionListener@3f63a513, org.springframework.test.context.support.DirtiesContextTestExecutionListener@413bef78, org.springframework.test.context.event.EventPublishingTestExecutionListener@66383c29, org.springframework.boot.test.mock.mockito.ResetMocksTestExecutionListener@7f7c420c, org.springframework.boot.test.autoconfigure.restdocs.RestDocsTestExecutionListener@5d152bcd, org.springframework.boot.test.autoconfigure.web.client.MockRestServiceServerResetTestExecutionListener@43cb5f38, org.springframework.boot.test.autoconfigure.web.servlet.MockMvcPrintOnlyOnFailureTestExecutionListener@6435fa1c, org.springframework.boot.test.autoconfigure.web.servlet.WebDriverTestExecutionListener@7944b8b4]

  .   ____          _            __ _ _
 /\\ / ___'_ __ _ _(_)_ __  __ _ \ \ \ \
( ( )\___ | '_ | '_| | '_ \/ _` | \ \ \ \
 \\/  ___)| |_)| | | | | || (_| |  ) ) ) )
  '  |____| .__|_| |_|_| |_\__, | / / / /
 =========|_|==============|___/=/_/_/_/
 :: Spring Boot ::        (v2.2.4.RELEASE)

2023-02-27 20:10:37.426  INFO 425 --- [           main] pl.pandait.panda.HelloControllerTest     : Starting HelloControllerTest on d2aa0ebe2b52 with PID 425 (started by root in /home/workspace/CodePull)
2023-02-27 20:10:37.427  INFO 425 --- [           main] pl.pandait.panda.HelloControllerTest     : No active profile set, falling back to default profiles: default
2023-02-27 20:10:38.221  INFO 425 --- [           main] o.s.b.w.embedded.tomcat.TomcatWebServer  : Tomcat initialized with port(s): 0 (http)
2023-02-27 20:10:38.237  INFO 425 --- [           main] o.apache.catalina.core.StandardService   : Starting service [Tomcat]
2023-02-27 20:10:38.238  INFO 425 --- [           main] org.apache.catalina.core.StandardEngine  : Starting Servlet engine: [Apache Tomcat/9.0.30]
2023-02-27 20:10:38.542  INFO 425 --- [           main] o.a.c.c.C.[Tomcat].[localhost].[/]       : Initializing Spring embedded WebApplicationContext
2023-02-27 20:10:38.542  INFO 425 --- [           main] o.s.web.context.ContextLoader            : Root WebApplicationContext: initialization completed in 1107 ms
2023-02-27 20:10:39.117  INFO 425 --- [           main] o.s.s.concurrent.ThreadPoolTaskExecutor  : Initializing ExecutorService 'applicationTaskExecutor'
2023-02-27 20:10:39.224  INFO 425 --- [           main] o.s.b.a.w.s.WelcomePageHandlerMapping    : Adding welcome page: class path resource [static/index.html]
2023-02-27 20:10:40.243  INFO 425 --- [           main] o.s.b.w.embedded.tomcat.TomcatWebServer  : Tomcat started on port(s): 41447 (http) with context path ''
2023-02-27 20:10:40.249  INFO 425 --- [           main] pl.pandait.panda.HelloControllerTest     : Started HelloControllerTest in 2.963 seconds (JVM running for 480.294)
2023-02-27 20:10:40.332  INFO 425 --- [           main] o.s.mock.web.MockServletContext          : Initializing Spring TestDispatcherServlet ''
2023-02-27 20:10:40.333  INFO 425 --- [           main] o.s.t.web.servlet.TestDispatcherServlet  : Initializing Servlet ''
2023-02-27 20:10:40.334  INFO 425 --- [           main] o.s.t.web.servlet.TestDispatcherServlet  : Completed initialization in 1 ms
[INFO] Tests run: 1, Failures: 0, Errors: 0, Skipped: 0, Time elapsed: 3.117 s - in pl.pandait.panda.HelloControllerTest
2023-02-27 20:10:40.508  INFO 425 --- [extShutdownHook] o.s.s.concurrent.ThreadPoolTaskExecutor  : Shutting down ExecutorService 'applicationTaskExecutor'
2023-02-27 20:10:40.513  INFO 425 --- [extShutdownHook] o.s.s.concurrent.ThreadPoolTaskExecutor  : Shutting down ExecutorService 'applicationTaskExecutor'
[INFO] 
[INFO] Results:
[INFO] 
[INFO] Tests run: 2, Failures: 0, Errors: 0, Skipped: 0
[INFO] 
[INFO] 
[INFO] --- surefire:2.22.2:test (default) @ panda ---
[INFO] Skipping execution of surefire because it has already been run for this configuration
[INFO] 
[INFO] --- jar:3.1.2:jar (default-jar) @ panda ---
Downloading from central: https://repo.maven.apache.org/maven2/org/apache/maven/shared/file-management/3.0.0/file-management-3.0.0.pom
Progress (1): 4.7 kB                    Downloaded from central: https://repo.maven.apache.org/maven2/org/apache/maven/shared/file-management/3.0.0/file-management-3.0.0.pom (4.7 kB at 62 kB/s)
Downloading from central: https://repo.maven.apache.org/maven2/org/apache/maven/shared/maven-shared-components/22/maven-shared-components-22.pom
Progress (1): 5.1 kB                    Downloaded from central: https://repo.maven.apache.org/maven2/org/apache/maven/shared/maven-shared-components/22/maven-shared-components-22.pom (5.1 kB at 131 kB/s)
Downloading from central: https://repo.maven.apache.org/maven2/org/apache/maven/maven-parent/27/maven-parent-27.pom
Progress (1): 16/41 kBProgress (1): 33/41 kBProgress (1): 41 kB                      Downloaded from central: https://repo.maven.apache.org/maven2/org/apache/maven/maven-parent/27/maven-parent-27.pom (41 kB at 947 kB/s)
Downloading from central: https://repo.maven.apache.org/maven2/org/apache/apache/17/apache-17.pom
Progress (1): 16 kB                   Downloaded from central: https://repo.maven.apache.org/maven2/org/apache/apache/17/apache-17.pom (16 kB at 446 kB/s)
Downloading from central: https://repo.maven.apache.org/maven2/org/apache/maven/shared/maven-shared-io/3.0.0/maven-shared-io-3.0.0.pom
Progress (1): 4.2 kB                    Downloaded from central: https://repo.maven.apache.org/maven2/org/apache/maven/shared/maven-shared-io/3.0.0/maven-shared-io-3.0.0.pom (4.2 kB at 63 kB/s)
Downloading from central: https://repo.maven.apache.org/maven2/org/apache/maven/maven-compat/3.0/maven-compat-3.0.pom
Progress (1): 4.0 kB                    Downloaded from central: https://repo.maven.apache.org/maven2/org/apache/maven/maven-compat/3.0/maven-compat-3.0.pom (4.0 kB at 122 kB/s)
Downloading from central: https://repo.maven.apache.org/maven2/org/apache/maven/wagon/wagon-provider-api/1.0-beta-6/wagon-provider-api-1.0-beta-6.pom
Progress (1): 1.8 kB                    Downloaded from central: https://repo.maven.apache.org/maven2/org/apache/maven/wagon/wagon-provider-api/1.0-beta-6/wagon-provider-api-1.0-beta-6.pom (1.8 kB at 50 kB/s)
Downloading from central: https://repo.maven.apache.org/maven2/org/apache/maven/wagon/wagon/1.0-beta-6/wagon-1.0-beta-6.pom
Progress (1): 12 kB                   Downloaded from central: https://repo.maven.apache.org/maven2/org/apache/maven/wagon/wagon/1.0-beta-6/wagon-1.0-beta-6.pom (12 kB at 354 kB/s)
Downloading from central: https://repo.maven.apache.org/maven2/org/codehaus/plexus/plexus-utils/1.4.2/plexus-utils-1.4.2.pom
Progress (1): 2.0 kB                    Downloaded from central: https://repo.maven.apache.org/maven2/org/codehaus/plexus/plexus-utils/1.4.2/plexus-utils-1.4.2.pom (2.0 kB at 49 kB/s)
Downloading from central: https://repo.maven.apache.org/maven2/org/apache/maven/wagon/wagon-provider-api/2.10/wagon-provider-api-2.10.pom
Progress (1): 1.7 kB                    Downloaded from central: https://repo.maven.apache.org/maven2/org/apache/maven/wagon/wagon-provider-api/2.10/wagon-provider-api-2.10.pom (1.7 kB at 41 kB/s)
Downloading from central: https://repo.maven.apache.org/maven2/org/apache/maven/wagon/wagon/2.10/wagon-2.10.pom
Progress (1): 16/21 kBProgress (1): 21 kB                      Downloaded from central: https://repo.maven.apache.org/maven2/org/apache/maven/wagon/wagon/2.10/wagon-2.10.pom (21 kB at 387 kB/s)
Downloading from central: https://repo.maven.apache.org/maven2/org/apache/maven/maven-parent/26/maven-parent-26.pom
Progress (1): 16/40 kBProgress (1): 33/40 kBProgress (1): 40 kB                      Downloaded from central: https://repo.maven.apache.org/maven2/org/apache/maven/maven-parent/26/maven-parent-26.pom (40 kB at 1.0 MB/s)
Downloading from central: https://repo.maven.apache.org/maven2/org/codehaus/plexus/plexus-utils/3.0.15/plexus-utils-3.0.15.pom
Progress (1): 3.1 kB                    Downloaded from central: https://repo.maven.apache.org/maven2/org/codehaus/plexus/plexus-utils/3.0.15/plexus-utils-3.0.15.pom (3.1 kB at 87 kB/s)
Downloading from central: https://repo.maven.apache.org/maven2/org/apache/maven/maven-archiver/3.4.0/maven-archiver-3.4.0.pom
Progress (1): 4.6 kB                    Downloaded from central: https://repo.maven.apache.org/maven2/org/apache/maven/maven-archiver/3.4.0/maven-archiver-3.4.0.pom (4.6 kB at 102 kB/s)
Downloading from central: https://repo.maven.apache.org/maven2/org/apache/maven/shared/maven-shared-components/33/maven-shared-components-33.pom
Progress (1): 5.1 kB                    Downloaded from central: https://repo.maven.apache.org/maven2/org/apache/maven/shared/maven-shared-components/33/maven-shared-components-33.pom (5.1 kB at 146 kB/s)
Downloading from central: https://repo.maven.apache.org/maven2/org/codehaus/plexus/plexus-archiver/4.1.0/plexus-archiver-4.1.0.pom
Progress (1): 4.8 kB                    Downloaded from central: https://repo.maven.apache.org/maven2/org/codehaus/plexus/plexus-archiver/4.1.0/plexus-archiver-4.1.0.pom (4.8 kB at 134 kB/s)
Downloading from central: https://repo.maven.apache.org/maven2/org/codehaus/plexus/plexus/5.1/plexus-5.1.pom
Progress (1): 16/23 kBProgress (1): 23 kB                      Downloaded from central: https://repo.maven.apache.org/maven2/org/codehaus/plexus/plexus/5.1/plexus-5.1.pom (23 kB at 625 kB/s)
Downloading from central: https://repo.maven.apache.org/maven2/org/codehaus/plexus/plexus-utils/3.1.1/plexus-utils-3.1.1.pom
Progress (1): 5.1 kB                    Downloaded from central: https://repo.maven.apache.org/maven2/org/codehaus/plexus/plexus-utils/3.1.1/plexus-utils-3.1.1.pom (5.1 kB at 154 kB/s)
Downloading from central: https://repo.maven.apache.org/maven2/org/codehaus/plexus/plexus-io/3.1.1/plexus-io-3.1.1.pom
Progress (1): 4.5 kB                    Downloaded from central: https://repo.maven.apache.org/maven2/org/codehaus/plexus/plexus-io/3.1.1/plexus-io-3.1.1.pom (4.5 kB at 134 kB/s)
Downloading from central: https://repo.maven.apache.org/maven2/commons-io/commons-io/2.6/commons-io-2.6.pom
Progress (1): 14 kB                   Downloaded from central: https://repo.maven.apache.org/maven2/commons-io/commons-io/2.6/commons-io-2.6.pom (14 kB at 238 kB/s)
Downloading from central: https://repo.maven.apache.org/maven2/org/apache/commons/commons-parent/42/commons-parent-42.pom
Progress (1): 16/68 kBProgress (1): 33/68 kBProgress (1): 49/68 kBProgress (1): 66/68 kBProgress (1): 68 kB                      Downloaded from central: https://repo.maven.apache.org/maven2/org/apache/commons/commons-parent/42/commons-parent-42.pom (68 kB at 1.6 MB/s)
Downloading from central: https://repo.maven.apache.org/maven2/org/apache/commons/commons-compress/1.18/commons-compress-1.18.pom
Progress (1): 16/18 kBProgress (1): 18 kB                      Downloaded from central: https://repo.maven.apache.org/maven2/org/apache/commons/commons-compress/1.18/commons-compress-1.18.pom (18 kB at 467 kB/s)
Downloading from central: https://repo.maven.apache.org/maven2/org/apache/commons/commons-parent/47/commons-parent-47.pom
Progress (1): 16/78 kBProgress (1): 33/78 kBProgress (1): 49/78 kBProgress (1): 66/78 kBProgress (1): 78 kB                      Downloaded from central: https://repo.maven.apache.org/maven2/org/apache/commons/commons-parent/47/commons-parent-47.pom (78 kB at 1.7 MB/s)
Downloading from central: https://repo.maven.apache.org/maven2/org/iq80/snappy/snappy/0.4/snappy-0.4.pom
Progress (1): 15 kB                   Downloaded from central: https://repo.maven.apache.org/maven2/org/iq80/snappy/snappy/0.4/snappy-0.4.pom (15 kB at 363 kB/s)
Downloading from central: https://repo.maven.apache.org/maven2/org/tukaani/xz/1.8/xz-1.8.pom
Progress (1): 1.9 kB                    Downloaded from central: https://repo.maven.apache.org/maven2/org/tukaani/xz/1.8/xz-1.8.pom (1.9 kB at 54 kB/s)
Downloading from central: https://repo.maven.apache.org/maven2/org/codehaus/plexus/plexus-interpolation/1.25/plexus-interpolation-1.25.pom
Progress (1): 2.6 kB                    Downloaded from central: https://repo.maven.apache.org/maven2/org/codehaus/plexus/plexus-interpolation/1.25/plexus-interpolation-1.25.pom (2.6 kB at 54 kB/s)
Downloading from central: https://repo.maven.apache.org/maven2/org/codehaus/plexus/plexus-utils/3.2.0/plexus-utils-3.2.0.pom
Progress (1): 4.8 kB                    Downloaded from central: https://repo.maven.apache.org/maven2/org/codehaus/plexus/plexus-utils/3.2.0/plexus-utils-3.2.0.pom (4.8 kB at 142 kB/s)
Downloading from central: https://repo.maven.apache.org/maven2/org/apache/maven/shared/file-management/3.0.0/file-management-3.0.0.jar
Downloading from central: https://repo.maven.apache.org/maven2/org/apache/maven/shared/maven-shared-io/3.0.0/maven-shared-io-3.0.0.jar
Downloading from central: https://repo.maven.apache.org/maven2/org/apache/maven/maven-archiver/3.4.0/maven-archiver-3.4.0.jar
Downloading from central: https://repo.maven.apache.org/maven2/org/apache/maven/wagon/wagon-provider-api/2.10/wagon-provider-api-2.10.jar
Downloading from central: https://repo.maven.apache.org/maven2/org/apache/maven/maven-compat/3.0/maven-compat-3.0.jar
Progress (1): 16/285 kBProgress (1): 32/285 kBProgress (1): 49/285 kBProgress (1): 65/285 kBProgress (1): 81/285 kBProgress (1): 98/285 kBProgress (1): 114/285 kBProgress (2): 114/285 kB | 16/41 kBProgress (2): 114/285 kB | 32/41 kBProgress (2): 114/285 kB | 41 kB   Progress (2): 131/285 kB | 41 kBProgress (2): 147/285 kB | 41 kB                                Downloaded from central: https://repo.maven.apache.org/maven2/org/apache/maven/shared/maven-shared-io/3.0.0/maven-shared-io-3.0.0.jar (41 kB at 592 kB/s)
Downloading from central: https://repo.maven.apache.org/maven2/org/codehaus/plexus/plexus-archiver/4.1.0/plexus-archiver-4.1.0.jar
Progress (1): 163/285 kBProgress (1): 180/285 kBProgress (1): 196/285 kBProgress (1): 212/285 kBProgress (1): 229/285 kBProgress (1): 245/285 kBProgress (1): 262/285 kBProgress (2): 262/285 kB | 16/54 kBProgress (2): 278/285 kB | 16/54 kBProgress (2): 285 kB | 16/54 kB                                   Downloaded from central: https://repo.maven.apache.org/maven2/org/apache/maven/maven-compat/3.0/maven-compat-3.0.jar (285 kB at 3.1 MB/s)
Downloading from central: https://repo.maven.apache.org/maven2/org/codehaus/plexus/plexus-io/3.1.1/plexus-io-3.1.1.jar
Progress (2): 16/54 kB | 16/192 kBProgress (2): 16/54 kB | 33/192 kBProgress (2): 16/54 kB | 37/192 kBProgress (2): 16/54 kB | 53/192 kBProgress (2): 16/54 kB | 69/192 kBProgress (2): 16/54 kB | 86/192 kBProgress (2): 16/54 kB | 102/192 kBProgress (2): 16/54 kB | 118/192 kBProgress (2): 16/54 kB | 135/192 kBProgress (2): 33/54 kB | 135/192 kBProgress (2): 49/54 kB | 135/192 kBProgress (2): 54 kB | 135/192 kB                                   Downloaded from central: https://repo.maven.apache.org/maven2/org/apache/maven/wagon/wagon-provider-api/2.10/wagon-provider-api-2.10.jar (54 kB at 458 kB/s)
Downloading from central: https://repo.maven.apache.org/maven2/org/apache/commons/commons-compress/1.18/commons-compress-1.18.jar
Progress (2): 135/192 kB | 16/24 kBProgress (2): 135/192 kB | 24 kB   Progress (2): 151/192 kB | 24 kBProgress (2): 168/192 kB | 24 kBProgress (2): 184/192 kB | 24 kBProgress (2): 192 kB | 24 kB                                Downloaded from central: https://repo.maven.apache.org/maven2/org/codehaus/plexus/plexus-archiver/4.1.0/plexus-archiver-4.1.0.jar (192 kB at 1.6 MB/s)
Downloading from central: https://repo.maven.apache.org/maven2/org/iq80/snappy/snappy/0.4/snappy-0.4.jar
Downloaded from central: https://repo.maven.apache.org/maven2/org/apache/maven/maven-archiver/3.4.0/maven-archiver-3.4.0.jar (24 kB at 198 kB/s)
Downloading from central: https://repo.maven.apache.org/maven2/org/tukaani/xz/1.8/xz-1.8.jar
Progress (1): 16/75 kBProgress (1): 32/75 kBProgress (1): 49/75 kBProgress (1): 65/75 kBProgress (1): 75 kB                      Downloaded from central: https://repo.maven.apache.org/maven2/org/codehaus/plexus/plexus-io/3.1.1/plexus-io-3.1.1.jar (75 kB at 551 kB/s)
Downloading from central: https://repo.maven.apache.org/maven2/org/codehaus/plexus/plexus-utils/3.2.0/plexus-utils-3.2.0.jar
Progress (1): 16/58 kBProgress (1): 32/58 kBProgress (2): 32/58 kB | 16/592 kBProgress (2): 32/58 kB | 32/592 kBProgress (2): 49/58 kB | 32/592 kBProgress (2): 58 kB | 32/592 kB   Progress (3): 58 kB | 32/592 kB | 16/109 kBProgress (3): 58 kB | 49/592 kB | 16/109 kBProgress (3): 58 kB | 49/592 kB | 33/109 kBProgress (4): 58 kB | 49/592 kB | 33/109 kB | 16/35 kBProgress (4): 58 kB | 65/592 kB | 33/109 kB | 16/35 kBProgress (4): 58 kB | 65/592 kB | 49/109 kB | 16/35 kBProgress (4): 58 kB | 65/592 kB | 66/109 kB | 16/35 kBProgress (4): 58 kB | 81/592 kB | 66/109 kB | 16/35 kBProgress (4): 58 kB | 98/592 kB | 66/109 kB | 16/35 kBProgress (4): 58 kB | 114/592 kB | 66/109 kB | 16/35 kBProgress (5): 58 kB | 114/592 kB | 66/109 kB | 16/35 kB | 16/263 kB                                                                   Downloaded from central: https://repo.maven.apache.org/maven2/org/iq80/snappy/snappy/0.4/snappy-0.4.jar (58 kB at 300 kB/s)
Progress (4): 114/592 kB | 82/109 kB | 16/35 kB | 16/263 kBProgress (4): 131/592 kB | 82/109 kB | 16/35 kB | 16/263 kBProgress (4): 131/592 kB | 82/109 kB | 16/35 kB | 32/263 kBProgress (4): 131/592 kB | 82/109 kB | 16/35 kB | 49/263 kBProgress (4): 131/592 kB | 98/109 kB | 16/35 kB | 49/263 kBProgress (4): 131/592 kB | 98/109 kB | 16/35 kB | 65/263 kBProgress (4): 131/592 kB | 98/109 kB | 16/35 kB | 81/263 kBProgress (4): 131/592 kB | 98/109 kB | 16/35 kB | 98/263 kBProgress (4): 147/592 kB | 98/109 kB | 16/35 kB | 98/263 kBProgress (4): 147/592 kB | 98/109 kB | 16/35 kB | 114/263 kBProgress (4): 147/592 kB | 98/109 kB | 16/35 kB | 131/263 kBProgress (4): 147/592 kB | 109 kB | 16/35 kB | 131/263 kB   Progress (4): 147/592 kB | 109 kB | 16/35 kB | 147/263 kBProgress (4): 147/592 kB | 109 kB | 33/35 kB | 147/263 kBProgress (4): 147/592 kB | 109 kB | 33/35 kB | 163/263 kBProgress (4): 147/592 kB | 109 kB | 35 kB | 163/263 kB   Progress (4): 147/592 kB | 109 kB | 35 kB | 180/263 kB                                                      Downloaded from central: https://repo.maven.apache.org/maven2/org/apache/maven/shared/file-management/3.0.0/file-management-3.0.0.jar (35 kB at 150 kB/s)
Progress (3): 163/592 kB | 109 kB | 180/263 kB                                              Downloaded from central: https://repo.maven.apache.org/maven2/org/tukaani/xz/1.8/xz-1.8.jar (109 kB at 466 kB/s)
Progress (2): 180/592 kB | 180/263 kBProgress (2): 180/592 kB | 196/263 kBProgress (2): 180/592 kB | 212/263 kBProgress (2): 180/592 kB | 229/263 kBProgress (2): 180/592 kB | 245/263 kBProgress (2): 180/592 kB | 262/263 kBProgress (2): 196/592 kB | 262/263 kBProgress (2): 196/592 kB | 263 kB                                     Downloaded from central: https://repo.maven.apache.org/maven2/org/codehaus/plexus/plexus-utils/3.2.0/plexus-utils-3.2.0.jar (263 kB at 1.1 MB/s)
Progress (1): 212/592 kBProgress (1): 229/592 kBProgress (1): 245/592 kBProgress (1): 262/592 kBProgress (1): 278/592 kBProgress (1): 294/592 kBProgress (1): 311/592 kBProgress (1): 327/592 kBProgress (1): 344/592 kBProgress (1): 360/592 kBProgress (1): 376/592 kBProgress (1): 393/592 kBProgress (1): 402/592 kBProgress (1): 418/592 kBProgress (1): 435/592 kBProgress (1): 451/592 kBProgress (1): 468/592 kBProgress (1): 484/592 kBProgress (1): 500/592 kBProgress (1): 517/592 kBProgress (1): 533/592 kBProgress (1): 549/592 kBProgress (1): 566/592 kBProgress (1): 582/592 kBProgress (1): 592 kB                        Downloaded from central: https://repo.maven.apache.org/maven2/org/apache/commons/commons-compress/1.18/commons-compress-1.18.jar (592 kB at 1.7 MB/s)
[INFO] Building jar: /home/workspace/CodePull/target/panda-0.0.1.jar
[INFO] 
[INFO] --- spring-boot:2.2.4.RELEASE:repackage (repackage) @ panda ---
Downloading from central: https://repo.maven.apache.org/maven2/org/springframework/boot/spring-boot-loader-tools/2.2.4.RELEASE/spring-boot-loader-tools-2.2.4.RELEASE.pom
Progress (1): 2.5 kB                    Downloaded from central: https://repo.maven.apache.org/maven2/org/springframework/boot/spring-boot-loader-tools/2.2.4.RELEASE/spring-boot-loader-tools-2.2.4.RELEASE.pom (2.5 kB at 57 kB/s)
Downloading from central: https://repo.maven.apache.org/maven2/org/apache/commons/commons-compress/1.19/commons-compress-1.19.pom
Progress (1): 16/18 kBProgress (1): 18 kB                      Downloaded from central: https://repo.maven.apache.org/maven2/org/apache/commons/commons-compress/1.19/commons-compress-1.19.pom (18 kB at 506 kB/s)
Downloading from central: https://repo.maven.apache.org/maven2/org/apache/commons/commons-parent/48/commons-parent-48.pom
Progress (1): 16/72 kBProgress (1): 33/72 kBProgress (1): 49/72 kBProgress (1): 66/72 kBProgress (1): 72 kB                      Downloaded from central: https://repo.maven.apache.org/maven2/org/apache/commons/commons-parent/48/commons-parent-48.pom (72 kB at 1.5 MB/s)
Downloading from central: https://repo.maven.apache.org/maven2/org/codehaus/plexus/plexus-component-annotations/1.5.5/plexus-component-annotations-1.5.5.pom
Progress (1): 815 B                   Downloaded from central: https://repo.maven.apache.org/maven2/org/codehaus/plexus/plexus-component-annotations/1.5.5/plexus-component-annotations-1.5.5.pom (815 B at 25 kB/s)
Downloading from central: https://repo.maven.apache.org/maven2/org/codehaus/plexus/plexus-containers/1.5.5/plexus-containers-1.5.5.pom
Progress (1): 4.2 kB                    Downloaded from central: https://repo.maven.apache.org/maven2/org/codehaus/plexus/plexus-containers/1.5.5/plexus-containers-1.5.5.pom (4.2 kB at 125 kB/s)
Downloading from central: https://repo.maven.apache.org/maven2/org/codehaus/plexus/plexus-component-annotations/1.5.4/plexus-component-annotations-1.5.4.pom
Progress (1): 815 B                   Downloaded from central: https://repo.maven.apache.org/maven2/org/codehaus/plexus/plexus-component-annotations/1.5.4/plexus-component-annotations-1.5.4.pom (815 B at 24 kB/s)
Downloading from central: https://repo.maven.apache.org/maven2/org/codehaus/plexus/plexus-containers/1.5.4/plexus-containers-1.5.4.pom
Progress (1): 4.2 kB                    Downloaded from central: https://repo.maven.apache.org/maven2/org/codehaus/plexus/plexus-containers/1.5.4/plexus-containers-1.5.4.pom (4.2 kB at 128 kB/s)
Downloading from central: https://repo.maven.apache.org/maven2/org/codehaus/plexus/plexus/2.0.5/plexus-2.0.5.pom
Progress (1): 16/17 kBProgress (1): 17 kB                      Downloaded from central: https://repo.maven.apache.org/maven2/org/codehaus/plexus/plexus/2.0.5/plexus-2.0.5.pom (17 kB at 340 kB/s)
Downloading from central: https://repo.maven.apache.org/maven2/org/apache/maven/maven-artifact/3.3.9/maven-artifact-3.3.9.pom
Progress (1): 2.1 kB                    Downloaded from central: https://repo.maven.apache.org/maven2/org/apache/maven/maven-artifact/3.3.9/maven-artifact-3.3.9.pom (2.1 kB at 55 kB/s)
Downloading from central: https://repo.maven.apache.org/maven2/org/apache/maven/maven/3.3.9/maven-3.3.9.pom
Progress (1): 16/24 kBProgress (1): 24 kB                      Downloaded from central: https://repo.maven.apache.org/maven2/org/apache/maven/maven/3.3.9/maven-3.3.9.pom (24 kB at 460 kB/s)
Downloading from central: https://repo.maven.apache.org/maven2/org/apache/commons/commons-lang3/3.9/commons-lang3-3.9.pom
Progress (1): 16/28 kBProgress (1): 28 kB                      Downloaded from central: https://repo.maven.apache.org/maven2/org/apache/commons/commons-lang3/3.9/commons-lang3-3.9.pom (28 kB at 465 kB/s)
Downloading from central: https://repo.maven.apache.org/maven2/org/apache/maven/maven-core/3.3.9/maven-core-3.3.9.pom
Progress (1): 8.3 kB                    Downloaded from central: https://repo.maven.apache.org/maven2/org/apache/maven/maven-core/3.3.9/maven-core-3.3.9.pom (8.3 kB at 193 kB/s)
Downloading from central: https://repo.maven.apache.org/maven2/org/apache/maven/maven-model/3.3.9/maven-model-3.3.9.pom
Progress (1): 4.0 kB                    Downloaded from central: https://repo.maven.apache.org/maven2/org/apache/maven/maven-model/3.3.9/maven-model-3.3.9.pom (4.0 kB at 103 kB/s)
Downloading from central: https://repo.maven.apache.org/maven2/org/apache/maven/maven-settings/3.3.9/maven-settings-3.3.9.pom
Progress (1): 1.8 kB                    Downloaded from central: https://repo.maven.apache.org/maven2/org/apache/maven/maven-settings/3.3.9/maven-settings-3.3.9.pom (1.8 kB at 50 kB/s)
Downloading from central: https://repo.maven.apache.org/maven2/org/apache/maven/maven-settings-builder/3.3.9/maven-settings-builder-3.3.9.pom
Progress (1): 2.6 kB                    Downloaded from central: https://repo.maven.apache.org/maven2/org/apache/maven/maven-settings-builder/3.3.9/maven-settings-builder-3.3.9.pom (2.6 kB at 71 kB/s)
Downloading from central: https://repo.maven.apache.org/maven2/org/apache/maven/maven-builder-support/3.3.9/maven-builder-support-3.3.9.pom
Progress (1): 1.7 kB                    Downloaded from central: https://repo.maven.apache.org/maven2/org/apache/maven/maven-builder-support/3.3.9/maven-builder-support-3.3.9.pom (1.7 kB at 49 kB/s)
Downloading from central: https://repo.maven.apache.org/maven2/org/codehaus/plexus/plexus-interpolation/1.21/plexus-interpolation-1.21.pom
Progress (1): 1.5 kB                    Downloaded from central: https://repo.maven.apache.org/maven2/org/codehaus/plexus/plexus-interpolation/1.21/plexus-interpolation-1.21.pom (1.5 kB at 38 kB/s)
Downloading from central: https://repo.maven.apache.org/maven2/org/codehaus/plexus/plexus-component-annotations/1.6/plexus-component-annotations-1.6.pom
Progress (1): 748 B                   Downloaded from central: https://repo.maven.apache.org/maven2/org/codehaus/plexus/plexus-component-annotations/1.6/plexus-component-annotations-1.6.pom (748 B at 22 kB/s)
Downloading from central: https://repo.maven.apache.org/maven2/org/codehaus/plexus/plexus-containers/1.6/plexus-containers-1.6.pom
Progress (1): 3.8 kB                    Downloaded from central: https://repo.maven.apache.org/maven2/org/codehaus/plexus/plexus-containers/1.6/plexus-containers-1.6.pom (3.8 kB at 114 kB/s)
Downloading from central: https://repo.maven.apache.org/maven2/org/codehaus/plexus/plexus/3.3.2/plexus-3.3.2.pom
Progress (1): 16/22 kBProgress (1): 22 kB                      Downloaded from central: https://repo.maven.apache.org/maven2/org/codehaus/plexus/plexus/3.3.2/plexus-3.3.2.pom (22 kB at 567 kB/s)
Downloading from central: https://repo.maven.apache.org/maven2/org/apache/maven/maven-repository-metadata/3.3.9/maven-repository-metadata-3.3.9.pom
Progress (1): 1.9 kB                    Downloaded from central: https://repo.maven.apache.org/maven2/org/apache/maven/maven-repository-metadata/3.3.9/maven-repository-metadata-3.3.9.pom (1.9 kB at 59 kB/s)
Downloading from central: https://repo.maven.apache.org/maven2/org/apache/maven/maven-plugin-api/3.3.9/maven-plugin-api-3.3.9.pom
Progress (1): 2.7 kB                    Downloaded from central: https://repo.maven.apache.org/maven2/org/apache/maven/maven-plugin-api/3.3.9/maven-plugin-api-3.3.9.pom (2.7 kB at 60 kB/s)
Downloading from central: https://repo.maven.apache.org/maven2/org/eclipse/sisu/org.eclipse.sisu.plexus/0.3.2/org.eclipse.sisu.plexus-0.3.2.pom
Progress (1): 4.2 kB                    Downloaded from central: https://repo.maven.apache.org/maven2/org/eclipse/sisu/org.eclipse.sisu.plexus/0.3.2/org.eclipse.sisu.plexus-0.3.2.pom (4.2 kB at 80 kB/s)
Downloading from central: https://repo.maven.apache.org/maven2/org/eclipse/sisu/sisu-plexus/0.3.2/sisu-plexus-0.3.2.pom
Progress (1): 14 kB                   Downloaded from central: https://repo.maven.apache.org/maven2/org/eclipse/sisu/sisu-plexus/0.3.2/sisu-plexus-0.3.2.pom (14 kB at 381 kB/s)
Downloading from central: https://repo.maven.apache.org/maven2/org/eclipse/sisu/org.eclipse.sisu.inject/0.3.2/org.eclipse.sisu.inject-0.3.2.pom
Progress (1): 2.6 kB                    Downloaded from central: https://repo.maven.apache.org/maven2/org/eclipse/sisu/org.eclipse.sisu.inject/0.3.2/org.eclipse.sisu.inject-0.3.2.pom (2.6 kB at 66 kB/s)
Downloading from central: https://repo.maven.apache.org/maven2/org/eclipse/sisu/sisu-inject/0.3.2/sisu-inject-0.3.2.pom
Progress (1): 14 kB                   Downloaded from central: https://repo.maven.apache.org/maven2/org/eclipse/sisu/sisu-inject/0.3.2/sisu-inject-0.3.2.pom (14 kB at 351 kB/s)
Downloading from central: https://repo.maven.apache.org/maven2/org/codehaus/plexus/plexus-classworlds/2.5.2/plexus-classworlds-2.5.2.pom
Progress (1): 7.3 kB                    Downloaded from central: https://repo.maven.apache.org/maven2/org/codehaus/plexus/plexus-classworlds/2.5.2/plexus-classworlds-2.5.2.pom (7.3 kB at 197 kB/s)
Downloading from central: https://repo.maven.apache.org/maven2/org/codehaus/plexus/plexus-utils/3.0.17/plexus-utils-3.0.17.pom
Progress (1): 3.4 kB                    Downloaded from central: https://repo.maven.apache.org/maven2/org/codehaus/plexus/plexus-utils/3.0.17/plexus-utils-3.0.17.pom (3.4 kB at 92 kB/s)
Downloading from central: https://repo.maven.apache.org/maven2/org/apache/maven/maven-model-builder/3.3.9/maven-model-builder-3.3.9.pom
Progress (1): 3.1 kB                    Downloaded from central: https://repo.maven.apache.org/maven2/org/apache/maven/maven-model-builder/3.3.9/maven-model-builder-3.3.9.pom (3.1 kB at 31 kB/s)
Downloading from central: https://repo.maven.apache.org/maven2/com/google/guava/guava/18.0/guava-18.0.pom
Progress (1): 5.7 kB                    Downloaded from central: https://repo.maven.apache.org/maven2/com/google/guava/guava/18.0/guava-18.0.pom (5.7 kB at 162 kB/s)
Downloading from central: https://repo.maven.apache.org/maven2/com/google/guava/guava-parent/18.0/guava-parent-18.0.pom
Progress (1): 7.7 kB                    Downloaded from central: https://repo.maven.apache.org/maven2/com/google/guava/guava-parent/18.0/guava-parent-18.0.pom (7.7 kB at 197 kB/s)
Downloading from central: https://repo.maven.apache.org/maven2/org/apache/maven/maven-aether-provider/3.3.9/maven-aether-provider-3.3.9.pom
Progress (1): 4.0 kB                    Downloaded from central: https://repo.maven.apache.org/maven2/org/apache/maven/maven-aether-provider/3.3.9/maven-aether-provider-3.3.9.pom (4.0 kB at 119 kB/s)
Downloading from central: https://repo.maven.apache.org/maven2/org/eclipse/aether/aether-api/1.0.2.v20150114/aether-api-1.0.2.v20150114.pom
Progress (1): 1.8 kB                    Downloaded from central: https://repo.maven.apache.org/maven2/org/eclipse/aether/aether-api/1.0.2.v20150114/aether-api-1.0.2.v20150114.pom (1.8 kB at 51 kB/s)
Downloading from central: https://repo.maven.apache.org/maven2/org/eclipse/aether/aether/1.0.2.v20150114/aether-1.0.2.v20150114.pom
Progress (1): 16/29 kBProgress (1): 29 kB                      Downloaded from central: https://repo.maven.apache.org/maven2/org/eclipse/aether/aether/1.0.2.v20150114/aether-1.0.2.v20150114.pom (29 kB at 734 kB/s)
Downloading from central: https://repo.maven.apache.org/maven2/org/eclipse/aether/aether-spi/1.0.2.v20150114/aether-spi-1.0.2.v20150114.pom
Progress (1): 2.0 kB                    Downloaded from central: https://repo.maven.apache.org/maven2/org/eclipse/aether/aether-spi/1.0.2.v20150114/aether-spi-1.0.2.v20150114.pom (2.0 kB at 42 kB/s)
Downloading from central: https://repo.maven.apache.org/maven2/org/eclipse/aether/aether-util/1.0.2.v20150114/aether-util-1.0.2.v20150114.pom
Progress (1): 2.1 kB                    Downloaded from central: https://repo.maven.apache.org/maven2/org/eclipse/aether/aether-util/1.0.2.v20150114/aether-util-1.0.2.v20150114.pom (2.1 kB at 61 kB/s)
Downloading from central: https://repo.maven.apache.org/maven2/org/eclipse/aether/aether-impl/1.0.2.v20150114/aether-impl-1.0.2.v20150114.pom
Progress (1): 3.4 kB                    Downloaded from central: https://repo.maven.apache.org/maven2/org/eclipse/aether/aether-impl/1.0.2.v20150114/aether-impl-1.0.2.v20150114.pom (3.4 kB at 99 kB/s)
Downloading from central: https://repo.maven.apache.org/maven2/com/google/inject/guice/4.0/guice-4.0.pom
Progress (1): 11 kB                   Downloaded from central: https://repo.maven.apache.org/maven2/com/google/inject/guice/4.0/guice-4.0.pom (11 kB at 287 kB/s)
Downloading from central: https://repo.maven.apache.org/maven2/com/google/inject/guice-parent/4.0/guice-parent-4.0.pom
Progress (1): 15 kB                   Downloaded from central: https://repo.maven.apache.org/maven2/com/google/inject/guice-parent/4.0/guice-parent-4.0.pom (15 kB at 430 kB/s)
Downloading from central: https://repo.maven.apache.org/maven2/com/google/google/5/google-5.pom
Progress (1): 2.5 kB                    Downloaded from central: https://repo.maven.apache.org/maven2/com/google/google/5/google-5.pom (2.5 kB at 65 kB/s)
Downloading from central: https://repo.maven.apache.org/maven2/javax/inject/javax.inject/1/javax.inject-1.pom
Progress (1): 612 B                   Downloaded from central: https://repo.maven.apache.org/maven2/javax/inject/javax.inject/1/javax.inject-1.pom (612 B at 19 kB/s)
Downloading from central: https://repo.maven.apache.org/maven2/aopalliance/aopalliance/1.0/aopalliance-1.0.pom
Progress (1): 363 B                   Downloaded from central: https://repo.maven.apache.org/maven2/aopalliance/aopalliance/1.0/aopalliance-1.0.pom (363 B at 11 kB/s)
Downloading from central: https://repo.maven.apache.org/maven2/com/google/guava/guava/16.0.1/guava-16.0.1.pom
Progress (1): 6.1 kB                    Downloaded from central: https://repo.maven.apache.org/maven2/com/google/guava/guava/16.0.1/guava-16.0.1.pom (6.1 kB at 179 kB/s)
Downloading from central: https://repo.maven.apache.org/maven2/com/google/guava/guava-parent/16.0.1/guava-parent-16.0.1.pom
Progress (1): 7.3 kB                    Downloaded from central: https://repo.maven.apache.org/maven2/com/google/guava/guava-parent/16.0.1/guava-parent-16.0.1.pom (7.3 kB at 216 kB/s)
Downloading from central: https://repo.maven.apache.org/maven2/javax/enterprise/cdi-api/1.0/cdi-api-1.0.pom
Progress (1): 1.4 kB                    Downloaded from central: https://repo.maven.apache.org/maven2/javax/enterprise/cdi-api/1.0/cdi-api-1.0.pom (1.4 kB at 42 kB/s)
Downloading from central: https://repo.maven.apache.org/maven2/org/jboss/weld/weld-api-parent/1.0/weld-api-parent-1.0.pom
Progress (1): 2.4 kB                    Downloaded from central: https://repo.maven.apache.org/maven2/org/jboss/weld/weld-api-parent/1.0/weld-api-parent-1.0.pom (2.4 kB at 74 kB/s)
Downloading from central: https://repo.maven.apache.org/maven2/org/jboss/weld/weld-api-bom/1.0/weld-api-bom-1.0.pom
Progress (1): 7.9 kB                    Downloaded from central: https://repo.maven.apache.org/maven2/org/jboss/weld/weld-api-bom/1.0/weld-api-bom-1.0.pom (7.9 kB at 240 kB/s)
Downloading from central: https://repo.maven.apache.org/maven2/org/jboss/weld/weld-parent/6/weld-parent-6.pom
Progress (1): 16/21 kBProgress (1): 21 kB                      Downloaded from central: https://repo.maven.apache.org/maven2/org/jboss/weld/weld-parent/6/weld-parent-6.pom (21 kB at 545 kB/s)
Downloading from central: https://repo.maven.apache.org/maven2/javax/annotation/jsr250-api/1.0/jsr250-api-1.0.pom
Progress (1): 1.0 kB                    Downloaded from central: https://repo.maven.apache.org/maven2/javax/annotation/jsr250-api/1.0/jsr250-api-1.0.pom (1.0 kB at 31 kB/s)
Downloading from central: https://repo.maven.apache.org/maven2/org/apache/maven/shared/maven-common-artifact-filters/3.1.0/maven-common-artifact-filters-3.1.0.pom
Progress (1): 5.3 kB                    Downloaded from central: https://repo.maven.apache.org/maven2/org/apache/maven/shared/maven-common-artifact-filters/3.1.0/maven-common-artifact-filters-3.1.0.pom (5.3 kB at 165 kB/s)
Downloading from central: https://repo.maven.apache.org/maven2/org/apache/maven/shared/maven-shared-utils/3.1.0/maven-shared-utils-3.1.0.pom
Progress (1): 5.0 kB                    Downloaded from central: https://repo.maven.apache.org/maven2/org/apache/maven/shared/maven-shared-utils/3.1.0/maven-shared-utils-3.1.0.pom (5.0 kB at 131 kB/s)
Downloading from central: https://repo.maven.apache.org/maven2/org/codehaus/plexus/plexus-archiver/3.7.0/plexus-archiver-3.7.0.pom
Progress (1): 4.8 kB                    Downloaded from central: https://repo.maven.apache.org/maven2/org/codehaus/plexus/plexus-archiver/3.7.0/plexus-archiver-3.7.0.pom (4.8 kB at 147 kB/s)
Downloading from central: https://repo.maven.apache.org/maven2/org/codehaus/plexus/plexus-io/3.1.0/plexus-io-3.1.0.pom
Progress (1): 4.5 kB                    Downloaded from central: https://repo.maven.apache.org/maven2/org/codehaus/plexus/plexus-io/3.1.0/plexus-io-3.1.0.pom (4.5 kB at 138 kB/s)
Downloading from central: https://repo.maven.apache.org/maven2/org/apache/maven/plugins/maven-shade-plugin/3.2.1/maven-shade-plugin-3.2.1.pom
Progress (1): 9.3 kB                    Downloaded from central: https://repo.maven.apache.org/maven2/org/apache/maven/plugins/maven-shade-plugin/3.2.1/maven-shade-plugin-3.2.1.pom (9.3 kB at 246 kB/s)
Downloading from central: https://repo.maven.apache.org/maven2/org/apache/maven/shared/maven-artifact-transfer/0.10.0/maven-artifact-transfer-0.10.0.pom
Progress (1): 12 kB                   Downloaded from central: https://repo.maven.apache.org/maven2/org/apache/maven/shared/maven-artifact-transfer/0.10.0/maven-artifact-transfer-0.10.0.pom (12 kB at 251 kB/s)
Downloading from central: https://repo.maven.apache.org/maven2/org/apache/maven/shared/maven-shared-components/31/maven-shared-components-31.pom
Progress (1): 5.1 kB                    Downloaded from central: https://repo.maven.apache.org/maven2/org/apache/maven/shared/maven-shared-components/31/maven-shared-components-31.pom (5.1 kB at 160 kB/s)
Downloading from central: https://repo.maven.apache.org/maven2/org/apache/maven/shared/maven-common-artifact-filters/3.0.1/maven-common-artifact-filters-3.0.1.pom
Progress (1): 4.8 kB                    Downloaded from central: https://repo.maven.apache.org/maven2/org/apache/maven/shared/maven-common-artifact-filters/3.0.1/maven-common-artifact-filters-3.0.1.pom (4.8 kB at 127 kB/s)
Downloading from central: https://repo.maven.apache.org/maven2/commons-codec/commons-codec/1.13/commons-codec-1.13.pom
Progress (1): 14 kB                   Downloaded from central: https://repo.maven.apache.org/maven2/commons-codec/commons-codec/1.13/commons-codec-1.13.pom (14 kB at 260 kB/s)
Downloading from central: https://repo.maven.apache.org/maven2/org/ow2/asm/asm/7.0/asm-7.0.pom
Progress (1): 2.9 kB                    Downloaded from central: https://repo.maven.apache.org/maven2/org/ow2/asm/asm/7.0/asm-7.0.pom (2.9 kB at 82 kB/s)
Downloading from central: https://repo.maven.apache.org/maven2/org/ow2/asm/asm-commons/7.0/asm-commons-7.0.pom
Progress (1): 3.7 kB                    Downloaded from central: https://repo.maven.apache.org/maven2/org/ow2/asm/asm-commons/7.0/asm-commons-7.0.pom (3.7 kB at 94 kB/s)
Downloading from central: https://repo.maven.apache.org/maven2/org/ow2/asm/asm-tree/7.0/asm-tree-7.0.pom
Progress (1): 3.1 kB                    Downloaded from central: https://repo.maven.apache.org/maven2/org/ow2/asm/asm-tree/7.0/asm-tree-7.0.pom (3.1 kB at 76 kB/s)
Downloading from central: https://repo.maven.apache.org/maven2/org/ow2/asm/asm-analysis/7.0/asm-analysis-7.0.pom
Progress (1): 3.2 kB                    Downloaded from central: https://repo.maven.apache.org/maven2/org/ow2/asm/asm-analysis/7.0/asm-analysis-7.0.pom (3.2 kB at 96 kB/s)
Downloading from central: https://repo.maven.apache.org/maven2/org/jdom/jdom2/2.0.6/jdom2-2.0.6.pom
Progress (1): 4.6 kB                    Downloaded from central: https://repo.maven.apache.org/maven2/org/jdom/jdom2/2.0.6/jdom2-2.0.6.pom (4.6 kB at 131 kB/s)
Downloading from central: https://repo.maven.apache.org/maven2/org/apache/maven/shared/maven-dependency-tree/3.0.1/maven-dependency-tree-3.0.1.pom
Progress (1): 7.5 kB                    Downloaded from central: https://repo.maven.apache.org/maven2/org/apache/maven/shared/maven-dependency-tree/3.0.1/maven-dependency-tree-3.0.1.pom (7.5 kB at 178 kB/s)
Downloading from central: https://repo.maven.apache.org/maven2/org/eclipse/aether/aether-util/0.9.0.M2/aether-util-0.9.0.M2.pom
Progress (1): 2.0 kB                    Downloaded from central: https://repo.maven.apache.org/maven2/org/eclipse/aether/aether-util/0.9.0.M2/aether-util-0.9.0.M2.pom (2.0 kB at 60 kB/s)
Downloading from central: https://repo.maven.apache.org/maven2/org/eclipse/aether/aether/0.9.0.M2/aether-0.9.0.M2.pom
Progress (1): 16/28 kBProgress (1): 28 kB                      Downloaded from central: https://repo.maven.apache.org/maven2/org/eclipse/aether/aether/0.9.0.M2/aether-0.9.0.M2.pom (28 kB at 715 kB/s)
Downloading from central: https://repo.maven.apache.org/maven2/org/vafer/jdependency/2.1.1/jdependency-2.1.1.pom
Progress (1): 11 kB                   Downloaded from central: https://repo.maven.apache.org/maven2/org/vafer/jdependency/2.1.1/jdependency-2.1.1.pom (11 kB at 296 kB/s)
Downloading from central: https://repo.maven.apache.org/maven2/org/ow2/asm/asm/7.0-beta/asm-7.0-beta.pom
Progress (1): 2.9 kB                    Downloaded from central: https://repo.maven.apache.org/maven2/org/ow2/asm/asm/7.0-beta/asm-7.0-beta.pom (2.9 kB at 89 kB/s)
Downloading from central: https://repo.maven.apache.org/maven2/org/ow2/asm/asm-analysis/7.0-beta/asm-analysis-7.0-beta.pom
Progress (1): 3.2 kB                    Downloaded from central: https://repo.maven.apache.org/maven2/org/ow2/asm/asm-analysis/7.0-beta/asm-analysis-7.0-beta.pom (3.2 kB at 96 kB/s)
Downloading from central: https://repo.maven.apache.org/maven2/org/ow2/asm/asm-tree/7.0-beta/asm-tree-7.0-beta.pom
Progress (1): 3.1 kB                    Downloaded from central: https://repo.maven.apache.org/maven2/org/ow2/asm/asm-tree/7.0-beta/asm-tree-7.0-beta.pom (3.1 kB at 95 kB/s)
Downloading from central: https://repo.maven.apache.org/maven2/org/ow2/asm/asm-commons/7.0-beta/asm-commons-7.0-beta.pom
Progress (1): 3.7 kB                    Downloaded from central: https://repo.maven.apache.org/maven2/org/ow2/asm/asm-commons/7.0-beta/asm-commons-7.0-beta.pom (3.7 kB at 88 kB/s)
Downloading from central: https://repo.maven.apache.org/maven2/org/ow2/asm/asm-util/7.0-beta/asm-util-7.0-beta.pom
Progress (1): 3.7 kB                    Downloaded from central: https://repo.maven.apache.org/maven2/org/ow2/asm/asm-util/7.0-beta/asm-util-7.0-beta.pom (3.7 kB at 105 kB/s)
Downloading from central: https://repo.maven.apache.org/maven2/com/google/guava/guava/19.0/guava-19.0.pom
Progress (1): 6.8 kB                    Downloaded from central: https://repo.maven.apache.org/maven2/com/google/guava/guava/19.0/guava-19.0.pom (6.8 kB at 200 kB/s)
Downloading from central: https://repo.maven.apache.org/maven2/com/google/guava/guava-parent/19.0/guava-parent-19.0.pom
Progress (1): 9.9 kB                    Downloaded from central: https://repo.maven.apache.org/maven2/com/google/guava/guava-parent/19.0/guava-parent-19.0.pom (9.9 kB at 267 kB/s)
Downloading from central: https://repo.maven.apache.org/maven2/org/codehaus/plexus/plexus-interpolation/1.25/plexus-interpolation-1.25.jar
Downloading from central: https://repo.maven.apache.org/maven2/org/springframework/boot/spring-boot-loader-tools/2.2.4.RELEASE/spring-boot-loader-tools-2.2.4.RELEASE.jar
Progress (1): 16/85 kBProgress (1): 32/85 kBProgress (1): 49/85 kB                      Downloading from central: https://repo.maven.apache.org/maven2/org/apache/commons/commons-lang3/3.9/commons-lang3-3.9.jar
Downloading from central: https://repo.maven.apache.org/maven2/org/apache/maven/maven-artifact/3.3.9/maven-artifact-3.3.9.jar
Downloading from central: https://repo.maven.apache.org/maven2/org/apache/commons/commons-compress/1.19/commons-compress-1.19.jar
Progress (1): 65/85 kBProgress (2): 65/85 kB | 16/155 kBProgress (2): 65/85 kB | 33/155 kBProgress (2): 65/85 kB | 49/155 kBProgress (2): 65/85 kB | 66/155 kBProgress (2): 65/85 kB | 82/155 kBProgress (3): 65/85 kB | 82/155 kB | 16/615 kBProgress (3): 65/85 kB | 82/155 kB | 33/615 kBProgress (3): 65/85 kB | 82/155 kB | 49/615 kBProgress (3): 65/85 kB | 82/155 kB | 66/615 kBProgress (3): 65/85 kB | 82/155 kB | 82/615 kBProgress (3): 65/85 kB | 82/155 kB | 98/615 kBProgress (3): 65/85 kB | 82/155 kB | 115/615 kBProgress (3): 65/85 kB | 82/155 kB | 131/615 kBProgress (3): 65/85 kB | 82/155 kB | 147/615 kBProgress (3): 65/85 kB | 82/155 kB | 164/615 kBProgress (3): 65/85 kB | 82/155 kB | 180/615 kBProgress (3): 65/85 kB | 82/155 kB | 197/615 kBProgress (3): 65/85 kB | 82/155 kB | 213/615 kBProgress (3): 65/85 kB | 82/155 kB | 229/615 kBProgress (3): 81/85 kB | 82/155 kB | 229/615 kBProgress (3): 81/85 kB | 82/155 kB | 246/615 kBProgress (3): 85 kB | 82/155 kB | 246/615 kB                                               Downloaded from central: https://repo.maven.apache.org/maven2/org/codehaus/plexus/plexus-interpolation/1.25/plexus-interpolation-1.25.jar (85 kB at 351 kB/s)
Downloading from central: https://repo.maven.apache.org/maven2/org/apache/maven/maven-core/3.3.9/maven-core-3.3.9.jar
Progress (2): 82/155 kB | 256/615 kBProgress (2): 82/155 kB | 272/615 kBProgress (2): 82/155 kB | 289/615 kBProgress (2): 82/155 kB | 305/615 kBProgress (2): 82/155 kB | 321/615 kBProgress (2): 82/155 kB | 338/615 kBProgress (2): 82/155 kB | 354/615 kBProgress (2): 82/155 kB | 370/615 kBProgress (2): 82/155 kB | 387/615 kBProgress (2): 82/155 kB | 403/615 kBProgress (2): 82/155 kB | 420/615 kBProgress (2): 82/155 kB | 436/615 kBProgress (2): 82/155 kB | 452/615 kBProgress (2): 82/155 kB | 469/615 kBProgress (2): 82/155 kB | 485/615 kBProgress (2): 82/155 kB | 502/615 kBProgress (2): 98/155 kB | 502/615 kBProgress (2): 98/155 kB | 512/615 kBProgress (2): 115/155 kB | 512/615 kBProgress (2): 115/155 kB | 528/615 kBProgress (2): 131/155 kB | 528/615 kBProgress (2): 131/155 kB | 544/615 kBProgress (2): 131/155 kB | 561/615 kBProgress (2): 147/155 kB | 561/615 kBProgress (2): 155 kB | 561/615 kB                                     Downloaded from central: https://repo.maven.apache.org/maven2/org/springframework/boot/spring-boot-loader-tools/2.2.4.RELEASE/spring-boot-loader-tools-2.2.4.RELEASE.jar (155 kB at 519 kB/s)
Downloading from central: https://repo.maven.apache.org/maven2/org/apache/maven/maven-settings-builder/3.3.9/maven-settings-builder-3.3.9.jar
Progress (1): 577/615 kBProgress (1): 594/615 kBProgress (1): 610/615 kBProgress (1): 615 kB                        Downloaded from central: https://repo.maven.apache.org/maven2/org/apache/commons/commons-compress/1.19/commons-compress-1.19.jar (615 kB at 2.0 MB/s)
Downloading from central: https://repo.maven.apache.org/maven2/org/apache/maven/maven-builder-support/3.3.9/maven-builder-support-3.3.9.jar
Progress (1): 16/43 kBProgress (2): 16/43 kB | 15 kBProgress (2): 32/43 kB | 15 kB                              Downloaded from central: https://repo.maven.apache.org/maven2/org/apache/maven/maven-builder-support/3.3.9/maven-builder-support-3.3.9.jar (15 kB at 44 kB/s)
Downloading from central: https://repo.maven.apache.org/maven2/org/apache/maven/maven-repository-metadata/3.3.9/maven-repository-metadata-3.3.9.jar
Progress (1): 43 kB                   Downloaded from central: https://repo.maven.apache.org/maven2/org/apache/maven/maven-settings-builder/3.3.9/maven-settings-builder-3.3.9.jar (43 kB at 125 kB/s)
Downloading from central: https://repo.maven.apache.org/maven2/org/apache/maven/maven-model-builder/3.3.9/maven-model-builder-3.3.9.jar
Progress (1): 16/638 kBProgress (1): 33/638 kBProgress (1): 49/638 kBProgress (1): 66/638 kBProgress (1): 82/638 kBProgress (1): 98/638 kBProgress (1): 115/638 kBProgress (1): 131/638 kBProgress (1): 147/638 kBProgress (1): 164/638 kBProgress (1): 180/638 kBProgress (1): 197/638 kBProgress (2): 197/638 kB | 16/27 kBProgress (2): 197/638 kB | 27 kB   Progress (2): 213/638 kB | 27 kBProgress (2): 229/638 kB | 27 kB                                Downloaded from central: https://repo.maven.apache.org/maven2/org/apache/maven/maven-repository-metadata/3.3.9/maven-repository-metadata-3.3.9.jar (27 kB at 71 kB/s)
Progress (2): 229/638 kB | 16/177 kBProgress (2): 246/638 kB | 16/177 kBProgress (2): 246/638 kB | 33/177 kBProgress (2): 256/638 kB | 33/177 kB                                    Downloading from central: https://repo.maven.apache.org/maven2/org/apache/maven/maven-aether-provider/3.3.9/maven-aether-provider-3.3.9.jar
Progress (2): 272/638 kB | 33/177 kBProgress (2): 272/638 kB | 49/177 kBProgress (3): 272/638 kB | 49/177 kB | 16/504 kBProgress (3): 272/638 kB | 49/177 kB | 33/504 kBProgress (3): 272/638 kB | 49/177 kB | 49/504 kBProgress (3): 272/638 kB | 49/177 kB | 64/504 kBProgress (3): 289/638 kB | 49/177 kB | 64/504 kBProgress (3): 289/638 kB | 66/177 kB | 64/504 kBProgress (3): 289/638 kB | 66/177 kB | 81/504 kBProgress (3): 289/638 kB | 66/177 kB | 97/504 kBProgress (3): 289/638 kB | 66/177 kB | 114/504 kBProgress (3): 289/638 kB | 82/177 kB | 114/504 kBProgress (3): 289/638 kB | 82/177 kB | 130/504 kBProgress (4): 289/638 kB | 82/177 kB | 130/504 kB | 16/67 kBProgress (4): 289/638 kB | 82/177 kB | 130/504 kB | 32/67 kBProgress (4): 289/638 kB | 82/177 kB | 130/504 kB | 49/67 kBProgress (4): 289/638 kB | 82/177 kB | 130/504 kB | 65/67 kBProgress (4): 289/638 kB | 82/177 kB | 130/504 kB | 67 kB                                                            Downloaded from central: https://repo.maven.apache.org/maven2/org/apache/maven/maven-aether-provider/3.3.9/maven-aether-provider-3.3.9.jar (67 kB at 151 kB/s)
Downloading from central: https://repo.maven.apache.org/maven2/org/eclipse/aether/aether-spi/1.0.2.v20150114/aether-spi-1.0.2.v20150114.jar
Progress (3): 289/638 kB | 98/177 kB | 130/504 kBProgress (3): 289/638 kB | 115/177 kB | 130/504 kBProgress (3): 289/638 kB | 131/177 kB | 130/504 kBProgress (3): 289/638 kB | 147/177 kB | 130/504 kBProgress (3): 289/638 kB | 164/177 kB | 130/504 kBProgress (3): 289/638 kB | 177 kB | 130/504 kB                                                  Downloaded from central: https://repo.maven.apache.org/maven2/org/apache/maven/maven-model-builder/3.3.9/maven-model-builder-3.3.9.jar (177 kB at 388 kB/s)
Downloading from central: https://repo.maven.apache.org/maven2/org/eclipse/aether/aether-impl/1.0.2.v20150114/aether-impl-1.0.2.v20150114.jar
Progress (2): 305/638 kB | 130/504 kBProgress (2): 321/638 kB | 130/504 kBProgress (2): 338/638 kB | 130/504 kBProgress (3): 338/638 kB | 130/504 kB | 16/31 kBProgress (3): 338/638 kB | 130/504 kB | 31 kB                                                Downloaded from central: https://repo.maven.apache.org/maven2/org/eclipse/aether/aether-spi/1.0.2.v20150114/aether-spi-1.0.2.v20150114.jar (31 kB at 62 kB/s)
Downloading from central: https://repo.maven.apache.org/maven2/org/eclipse/aether/aether-api/1.0.2.v20150114/aether-api-1.0.2.v20150114.jar
Progress (2): 354/638 kB | 130/504 kBProgress (3): 354/638 kB | 130/504 kB | 16/173 kBProgress (3): 370/638 kB | 130/504 kB | 16/173 kBProgress (3): 370/638 kB | 130/504 kB | 32/173 kBProgress (3): 387/638 kB | 130/504 kB | 32/173 kBProgress (3): 387/638 kB | 130/504 kB | 49/173 kBProgress (3): 387/638 kB | 130/504 kB | 65/173 kBProgress (3): 387/638 kB | 130/504 kB | 81/173 kBProgress (3): 387/638 kB | 130/504 kB | 98/173 kBProgress (3): 387/638 kB | 130/504 kB | 114/173 kBProgress (3): 387/638 kB | 130/504 kB | 131/173 kBProgress (3): 387/638 kB | 146/504 kB | 131/173 kBProgress (3): 387/638 kB | 146/504 kB | 147/173 kBProgress (3): 387/638 kB | 163/504 kB | 147/173 kBProgress (3): 387/638 kB | 163/504 kB | 163/173 kBProgress (3): 387/638 kB | 163/504 kB | 173 kB    Progress (3): 387/638 kB | 179/504 kB | 173 kBProgress (3): 387/638 kB | 196/504 kB | 173 kB                                              Downloaded from central: https://repo.maven.apache.org/maven2/org/eclipse/aether/aether-impl/1.0.2.v20150114/aether-impl-1.0.2.v20150114.jar (173 kB at 279 kB/s)
Downloading from central: https://repo.maven.apache.org/maven2/org/eclipse/aether/aether-util/1.0.2.v20150114/aether-util-1.0.2.v20150114.jar
Progress (3): 387/638 kB | 196/504 kB | 16/55 kBProgress (3): 387/638 kB | 196/504 kB | 33/55 kBProgress (3): 387/638 kB | 196/504 kB | 49/55 kBProgress (3): 387/638 kB | 196/504 kB | 55 kB                                                Downloaded from central: https://repo.maven.apache.org/maven2/org/apache/maven/maven-artifact/3.3.9/maven-artifact-3.3.9.jar (55 kB at 87 kB/s)
Downloading from central: https://repo.maven.apache.org/maven2/org/eclipse/sisu/org.eclipse.sisu.plexus/0.3.2/org.eclipse.sisu.plexus-0.3.2.jar
Progress (2): 387/638 kB | 212/504 kBProgress (2): 387/638 kB | 228/504 kBProgress (2): 403/638 kB | 228/504 kBProgress (2): 420/638 kB | 228/504 kBProgress (2): 436/638 kB | 228/504 kBProgress (2): 436/638 kB | 245/504 kBProgress (2): 436/638 kB | 261/504 kBProgress (2): 436/638 kB | 277/504 kBProgress (3): 436/638 kB | 277/504 kB | 16/136 kBProgress (3): 452/638 kB | 277/504 kB | 16/136 kBProgress (3): 452/638 kB | 277/504 kB | 32/136 kBProgress (3): 469/638 kB | 277/504 kB | 32/136 kBProgress (3): 469/638 kB | 294/504 kB | 32/136 kBProgress (3): 469/638 kB | 294/504 kB | 49/136 kBProgress (3): 485/638 kB | 294/504 kB | 49/136 kBProgress (4): 485/638 kB | 294/504 kB | 49/136 kB | 16/147 kBProgress (4): 502/638 kB | 294/504 kB | 49/136 kB | 16/147 kBProgress (4): 512/638 kB | 294/504 kB | 49/136 kB | 16/147 kBProgress (4): 512/638 kB | 310/504 kB | 49/136 kB | 16/147 kBProgress (5): 512/638 kB | 310/504 kB | 49/136 kB | 16/147 kB | 16/205 kBProgress (5): 512/638 kB | 327/504 kB | 49/136 kB | 16/147 kB | 16/205 kBProgress (5): 512/638 kB | 343/504 kB | 49/136 kB | 16/147 kB | 16/205 kBProgress (5): 512/638 kB | 359/504 kB | 49/136 kB | 16/147 kB | 16/205 kBProgress (5): 512/638 kB | 376/504 kB | 49/136 kB | 16/147 kB | 16/205 kBProgress (5): 528/638 kB | 376/504 kB | 49/136 kB | 16/147 kB | 16/205 kBProgress (5): 544/638 kB | 376/504 kB | 49/136 kB | 16/147 kB | 16/205 kBProgress (5): 544/638 kB | 376/504 kB | 49/136 kB | 33/147 kB | 16/205 kBProgress (5): 544/638 kB | 376/504 kB | 49/136 kB | 49/147 kB | 16/205 kBProgress (5): 544/638 kB | 376/504 kB | 65/136 kB | 49/147 kB | 16/205 kBProgress (5): 544/638 kB | 376/504 kB | 81/136 kB | 49/147 kB | 16/205 kBProgress (5): 544/638 kB | 376/504 kB | 98/136 kB | 49/147 kB | 16/205 kBProgress (5): 544/638 kB | 376/504 kB | 114/136 kB | 49/147 kB | 16/205 kBProgress (5): 544/638 kB | 376/504 kB | 131/136 kB | 49/147 kB | 16/205 kBProgress (5): 544/638 kB | 376/504 kB | 136 kB | 49/147 kB | 16/205 kB    Progress (5): 561/638 kB | 376/504 kB | 136 kB | 49/147 kB | 16/205 kBProgress (5): 561/638 kB | 376/504 kB | 136 kB | 49/147 kB | 32/205 kBProgress (5): 561/638 kB | 376/504 kB | 136 kB | 49/147 kB | 49/205 kBProgress (5): 561/638 kB | 376/504 kB | 136 kB | 49/147 kB | 65/205 kBProgress (5): 561/638 kB | 376/504 kB | 136 kB | 49/147 kB | 81/205 kBProgress (5): 561/638 kB | 376/504 kB | 136 kB | 49/147 kB | 98/205 kBProgress (5): 561/638 kB | 376/504 kB | 136 kB | 49/147 kB | 114/205 kBProgress (5): 561/638 kB | 376/504 kB | 136 kB | 49/147 kB | 131/205 kBProgress (5): 561/638 kB | 376/504 kB | 136 kB | 49/147 kB | 147/205 kBProgress (5): 577/638 kB | 376/504 kB | 136 kB | 49/147 kB | 147/205 kBProgress (5): 594/638 kB | 376/504 kB | 136 kB | 49/147 kB | 147/205 kBProgress (5): 610/638 kB | 376/504 kB | 136 kB | 49/147 kB | 147/205 kBProgress (5): 626/638 kB | 376/504 kB | 136 kB | 49/147 kB | 147/205 kBProgress (5): 638 kB | 376/504 kB | 136 kB | 49/147 kB | 147/205 kB                                                                       Downloaded from central: https://repo.maven.apache.org/maven2/org/apache/maven/maven-core/3.3.9/maven-core-3.3.9.jar (638 kB at 915 kB/s)
Progress (4): 392/504 kB | 136 kB | 49/147 kB | 147/205 kBProgress (4): 409/504 kB | 136 kB | 49/147 kB | 147/205 kBProgress (4): 425/504 kB | 136 kB | 49/147 kB | 147/205 kB                                                          Downloaded from central: https://repo.maven.apache.org/maven2/org/eclipse/aether/aether-api/1.0.2.v20150114/aether-api-1.0.2.v20150114.jar (136 kB at 195 kB/s)
Progress (3): 425/504 kB | 66/147 kB | 147/205 kBProgress (3): 425/504 kB | 82/147 kB | 147/205 kBProgress (3): 425/504 kB | 98/147 kB | 147/205 kBProgress (3): 425/504 kB | 115/147 kB | 147/205 kBProgress (3): 425/504 kB | 131/147 kB | 147/205 kBProgress (3): 425/504 kB | 147 kB | 147/205 kB                                                  Downloaded from central: https://repo.maven.apache.org/maven2/org/eclipse/aether/aether-util/1.0.2.v20150114/aether-util-1.0.2.v20150114.jar (147 kB at 208 kB/s)
Progress (2): 425/504 kB | 163/205 kBProgress (2): 425/504 kB | 180/205 kBProgress (2): 425/504 kB | 196/205 kBProgress (2): 425/504 kB | 205 kB                                     Downloaded from central: https://repo.maven.apache.org/maven2/org/eclipse/sisu/org.eclipse.sisu.plexus/0.3.2/org.eclipse.sisu.plexus-0.3.2.jar (205 kB at 290 kB/s)
Downloading from central: https://repo.maven.apache.org/maven2/com/google/inject/guice/4.0/guice-4.0-no_aop.jar
Progress (1): 441/504 kB                        Downloading from central: https://repo.maven.apache.org/maven2/org/eclipse/sisu/org.eclipse.sisu.inject/0.3.2/org.eclipse.sisu.inject-0.3.2.jar
Progress (1): 458/504 kBProgress (1): 474/504 kBProgress (1): 490/504 kBProgress (1): 504 kB                        Downloaded from central: https://repo.maven.apache.org/maven2/org/apache/commons/commons-lang3/3.9/commons-lang3-3.9.jar (504 kB at 701 kB/s)
Downloading from central: https://repo.maven.apache.org/maven2/javax/inject/javax.inject/1/javax.inject-1.jar
Downloading from central: https://repo.maven.apache.org/maven2/aopalliance/aopalliance/1.0/aopalliance-1.0.jar
Downloading from central: https://repo.maven.apache.org/maven2/org/codehaus/plexus/plexus-classworlds/2.5.2/plexus-classworlds-2.5.2.jar
Progress (1): 16/378 kBProgress (2): 16/378 kB | 2.5 kB                                Downloaded from central: https://repo.maven.apache.org/maven2/javax/inject/javax.inject/1/javax.inject-1.jar (2.5 kB at 3.3 kB/s)
Progress (2): 16/378 kB | 16/424 kBProgress (2): 16/378 kB | 32/424 kBProgress (3): 16/378 kB | 32/424 kB | 4.5 kBProgress (3): 16/378 kB | 49/424 kB | 4.5 kB                                            Downloaded from central: https://repo.maven.apache.org/maven2/aopalliance/aopalliance/1.0/aopalliance-1.0.jar (4.5 kB at 5.9 kB/s)
Progress (2): 32/378 kB | 49/424 kBProgress (2): 32/378 kB | 65/424 kBProgress (3): 32/378 kB | 65/424 kB | 16/53 kB                                              Downloading from central: https://repo.maven.apache.org/maven2/org/codehaus/plexus/plexus-component-annotations/1.6/plexus-component-annotations-1.6.jar
Progress (3): 49/378 kB | 65/424 kB | 16/53 kBProgress (3): 49/378 kB | 81/424 kB | 16/53 kBProgress (3): 65/378 kB | 81/424 kB | 16/53 kBProgress (3): 65/378 kB | 81/424 kB | 32/53 kBProgress (3): 65/378 kB | 98/424 kB | 32/53 kBProgress (3): 65/378 kB | 98/424 kB | 49/53 kBProgress (3): 65/378 kB | 98/424 kB | 53 kB   Progress (3): 65/378 kB | 114/424 kB | 53 kBProgress (3): 65/378 kB | 131/424 kB | 53 kB                                            Downloaded from central: https://repo.maven.apache.org/maven2/org/codehaus/plexus/plexus-classworlds/2.5.2/plexus-classworlds-2.5.2.jar (53 kB at 69 kB/s)
Downloading from central: https://repo.maven.apache.org/maven2/org/apache/maven/maven-model/3.3.9/maven-model-3.3.9.jar
Progress (2): 65/378 kB | 147/424 kB                                    Downloading from central: https://repo.maven.apache.org/maven2/org/apache/maven/maven-plugin-api/3.3.9/maven-plugin-api-3.3.9.jar
Progress (2): 65/378 kB | 163/424 kBProgress (2): 65/378 kB | 180/424 kBProgress (2): 81/378 kB | 180/424 kBProgress (2): 81/378 kB | 196/424 kBProgress (2): 98/378 kB | 196/424 kBProgress (2): 98/378 kB | 212/424 kBProgress (2): 98/378 kB | 229/424 kBProgress (2): 114/378 kB | 229/424 kBProgress (2): 131/378 kB | 229/424 kBProgress (2): 131/378 kB | 245/424 kBProgress (2): 131/378 kB | 262/424 kBProgress (2): 147/378 kB | 262/424 kBProgress (2): 147/378 kB | 278/424 kBProgress (2): 163/378 kB | 278/424 kBProgress (2): 163/378 kB | 294/424 kBProgress (2): 163/378 kB | 311/424 kBProgress (2): 180/378 kB | 311/424 kBProgress (2): 196/378 kB | 311/424 kBProgress (2): 212/378 kB | 311/424 kBProgress (2): 229/378 kB | 311/424 kBProgress (3): 229/378 kB | 311/424 kB | 16/47 kBProgress (3): 229/378 kB | 311/424 kB | 32/47 kBProgress (3): 229/378 kB | 311/424 kB | 47 kB   Progress (4): 229/378 kB | 311/424 kB | 47 kB | 4.3 kB                                                      Downloaded from central: https://repo.maven.apache.org/maven2/org/apache/maven/maven-plugin-api/3.3.9/maven-plugin-api-3.3.9.jar (47 kB at 58 kB/s)
Downloaded from central: https://repo.maven.apache.org/maven2/org/codehaus/plexus/plexus-component-annotations/1.6/plexus-component-annotations-1.6.jar (4.3 kB at 5.3 kB/s)
Downloading from central: https://repo.maven.apache.org/maven2/org/apache/maven/maven-settings/3.3.9/maven-settings-3.3.9.jar
Progress (3): 229/378 kB | 311/424 kB | 16/164 kB                                                 Downloading from central: https://repo.maven.apache.org/maven2/org/apache/maven/shared/maven-common-artifact-filters/3.1.0/maven-common-artifact-filters-3.1.0.jar
Progress (3): 229/378 kB | 311/424 kB | 32/164 kBProgress (3): 229/378 kB | 311/424 kB | 49/164 kBProgress (3): 229/378 kB | 327/424 kB | 49/164 kBProgress (3): 245/378 kB | 327/424 kB | 49/164 kBProgress (3): 245/378 kB | 344/424 kB | 49/164 kBProgress (3): 245/378 kB | 344/424 kB | 65/164 kBProgress (3): 262/378 kB | 344/424 kB | 65/164 kBProgress (3): 262/378 kB | 360/424 kB | 65/164 kBProgress (3): 262/378 kB | 360/424 kB | 81/164 kBProgress (3): 262/378 kB | 376/424 kB | 81/164 kBProgress (3): 278/378 kB | 376/424 kB | 81/164 kBProgress (3): 294/378 kB | 376/424 kB | 81/164 kBProgress (3): 311/378 kB | 376/424 kB | 81/164 kBProgress (3): 311/378 kB | 393/424 kB | 81/164 kBProgress (3): 311/378 kB | 402/424 kB | 81/164 kBProgress (3): 311/378 kB | 418/424 kB | 81/164 kBProgress (3): 311/378 kB | 424 kB | 81/164 kB    Progress (4): 311/378 kB | 424 kB | 81/164 kB | 16/44 kBProgress (4): 311/378 kB | 424 kB | 81/164 kB | 32/44 kBProgress (4): 311/378 kB | 424 kB | 81/164 kB | 44 kB                                                        Downloaded from central: https://repo.maven.apache.org/maven2/org/apache/maven/maven-settings/3.3.9/maven-settings-3.3.9.jar (44 kB at 51 kB/s)
Downloading from central: https://repo.maven.apache.org/maven2/org/codehaus/plexus/plexus-archiver/3.7.0/plexus-archiver-3.7.0.jar
Progress (3): 311/378 kB | 424 kB | 98/164 kBProgress (3): 311/378 kB | 424 kB | 114/164 kBProgress (4): 311/378 kB | 424 kB | 114/164 kB | 16/61 kBProgress (4): 311/378 kB | 424 kB | 114/164 kB | 33/61 kBProgress (4): 311/378 kB | 424 kB | 131/164 kB | 33/61 kBProgress (4): 311/378 kB | 424 kB | 147/164 kB | 33/61 kBProgress (4): 327/378 kB | 424 kB | 147/164 kB | 33/61 kBProgress (4): 344/378 kB | 424 kB | 147/164 kB | 33/61 kBProgress (4): 360/378 kB | 424 kB | 147/164 kB | 33/61 kBProgress (4): 376/378 kB | 424 kB | 147/164 kB | 33/61 kBProgress (4): 378 kB | 424 kB | 147/164 kB | 33/61 kB                                                         Downloaded from central: https://repo.maven.apache.org/maven2/org/eclipse/sisu/org.eclipse.sisu.inject/0.3.2/org.eclipse.sisu.inject-0.3.2.jar (378 kB at 428 kB/s)
Downloaded from central: https://repo.maven.apache.org/maven2/com/google/inject/guice/4.0/guice-4.0-no_aop.jar (424 kB at 480 kB/s)
Progress (2): 163/164 kB | 33/61 kBProgress (2): 164 kB | 33/61 kB                                   Downloaded from central: https://repo.maven.apache.org/maven2/org/apache/maven/maven-model/3.3.9/maven-model-3.3.9.jar (164 kB at 185 kB/s)
Progress (1): 49/61 kBProgress (1): 61 kB                      Downloading from central: https://repo.maven.apache.org/maven2/org/codehaus/plexus/plexus-io/3.1.0/plexus-io-3.1.0.jar
Downloaded from central: https://repo.maven.apache.org/maven2/org/apache/maven/shared/maven-common-artifact-filters/3.1.0/maven-common-artifact-filters-3.1.0.jar (61 kB at 69 kB/s)
Downloading from central: https://repo.maven.apache.org/maven2/org/apache/maven/plugins/maven-shade-plugin/3.2.1/maven-shade-plugin-3.2.1.jar
Downloading from central: https://repo.maven.apache.org/maven2/org/apache/maven/shared/maven-artifact-transfer/0.10.0/maven-artifact-transfer-0.10.0.jar
Downloading from central: https://repo.maven.apache.org/maven2/commons-codec/commons-codec/1.13/commons-codec-1.13.jar
Progress (1): 16/192 kBProgress (1): 32/192 kBProgress (1): 49/192 kBProgress (1): 65/192 kBProgress (1): 81/192 kBProgress (2): 81/192 kB | 16/114 kBProgress (3): 81/192 kB | 16/114 kB | 16/128 kBProgress (4): 81/192 kB | 16/114 kB | 16/128 kB | 16/75 kBProgress (4): 81/192 kB | 16/114 kB | 16/128 kB | 33/75 kBProgress (4): 81/192 kB | 16/114 kB | 16/128 kB | 49/75 kBProgress (4): 81/192 kB | 16/114 kB | 33/128 kB | 49/75 kBProgress (5): 81/192 kB | 16/114 kB | 33/128 kB | 49/75 kB | 16/344 kBProgress (5): 81/192 kB | 16/114 kB | 33/128 kB | 49/75 kB | 33/344 kBProgress (5): 81/192 kB | 16/114 kB | 33/128 kB | 66/75 kB | 33/344 kBProgress (5): 81/192 kB | 16/114 kB | 33/128 kB | 75 kB | 33/344 kB   Progress (5): 81/192 kB | 16/114 kB | 33/128 kB | 75 kB | 49/344 kBProgress (5): 81/192 kB | 32/114 kB | 33/128 kB | 75 kB | 49/344 kBProgress (5): 81/192 kB | 32/114 kB | 33/128 kB | 75 kB | 66/344 kBProgress (5): 81/192 kB | 32/114 kB | 49/128 kB | 75 kB | 66/344 kBProgress (5): 81/192 kB | 32/114 kB | 66/128 kB | 75 kB | 66/344 kB                                                                   Downloaded from central: https://repo.maven.apache.org/maven2/org/codehaus/plexus/plexus-io/3.1.0/plexus-io-3.1.0.jar (75 kB at 80 kB/s)
Progress (4): 81/192 kB | 32/114 kB | 66/128 kB | 82/344 kB                                                           Downloading from central: https://repo.maven.apache.org/maven2/org/ow2/asm/asm/7.0/asm-7.0.jar
Progress (4): 81/192 kB | 32/114 kB | 66/128 kB | 98/344 kBProgress (4): 98/192 kB | 32/114 kB | 66/128 kB | 98/344 kBProgress (4): 98/192 kB | 32/114 kB | 66/128 kB | 115/344 kBProgress (4): 98/192 kB | 49/114 kB | 66/128 kB | 115/344 kBProgress (4): 98/192 kB | 49/114 kB | 82/128 kB | 115/344 kBProgress (4): 98/192 kB | 49/114 kB | 82/128 kB | 131/344 kBProgress (4): 98/192 kB | 49/114 kB | 98/128 kB | 131/344 kBProgress (4): 114/192 kB | 49/114 kB | 98/128 kB | 131/344 kBProgress (4): 131/192 kB | 49/114 kB | 98/128 kB | 131/344 kBProgress (4): 131/192 kB | 49/114 kB | 98/128 kB | 147/344 kBProgress (4): 147/192 kB | 49/114 kB | 98/128 kB | 147/344 kBProgress (4): 163/192 kB | 49/114 kB | 98/128 kB | 147/344 kBProgress (4): 163/192 kB | 65/114 kB | 98/128 kB | 147/344 kBProgress (4): 163/192 kB | 65/114 kB | 115/128 kB | 147/344 kBProgress (4): 163/192 kB | 65/114 kB | 115/128 kB | 164/344 kBProgress (4): 163/192 kB | 65/114 kB | 115/128 kB | 180/344 kBProgress (4): 180/192 kB | 65/114 kB | 115/128 kB | 180/344 kBProgress (4): 180/192 kB | 65/114 kB | 115/128 kB | 197/344 kBProgress (4): 180/192 kB | 65/114 kB | 128 kB | 197/344 kB    Progress (4): 180/192 kB | 65/114 kB | 128 kB | 213/344 kB                                                          Downloaded from central: https://repo.maven.apache.org/maven2/org/apache/maven/shared/maven-artifact-transfer/0.10.0/maven-artifact-transfer-0.10.0.jar (128 kB at 135 kB/s)
Downloading from central: https://repo.maven.apache.org/maven2/org/ow2/asm/asm-commons/7.0/asm-commons-7.0.jar
Progress (3): 180/192 kB | 65/114 kB | 229/344 kBProgress (3): 192 kB | 65/114 kB | 229/344 kB                                                 Downloaded from central: https://repo.maven.apache.org/maven2/org/codehaus/plexus/plexus-archiver/3.7.0/plexus-archiver-3.7.0.jar (192 kB at 201 kB/s)
Downloading from central: https://repo.maven.apache.org/maven2/org/ow2/asm/asm-tree/7.0/asm-tree-7.0.jar
Progress (2): 65/114 kB | 246/344 kBProgress (2): 65/114 kB | 262/344 kBProgress (2): 81/114 kB | 262/344 kBProgress (2): 98/114 kB | 262/344 kBProgress (2): 98/114 kB | 279/344 kBProgress (2): 98/114 kB | 295/344 kBProgress (2): 98/114 kB | 311/344 kBProgress (2): 114 kB | 311/344 kB                                    Downloaded from central: https://repo.maven.apache.org/maven2/org/apache/maven/plugins/maven-shade-plugin/3.2.1/maven-shade-plugin-3.2.1.jar (114 kB at 117 kB/s)
Downloading from central: https://repo.maven.apache.org/maven2/org/ow2/asm/asm-analysis/7.0/asm-analysis-7.0.jar
Progress (2): 311/344 kB | 16/114 kBProgress (2): 311/344 kB | 33/114 kBProgress (2): 311/344 kB | 49/114 kBProgress (2): 328/344 kB | 49/114 kBProgress (2): 344/344 kB | 49/114 kBProgress (2): 344 kB | 49/114 kB    Progress (2): 344 kB | 66/114 kBProgress (2): 344 kB | 82/114 kB                                Downloaded from central: https://repo.maven.apache.org/maven2/commons-codec/commons-codec/1.13/commons-codec-1.13.jar (344 kB at 347 kB/s)
Downloading from central: https://repo.maven.apache.org/maven2/org/jdom/jdom2/2.0.6/jdom2-2.0.6.jar
Progress (1): 98/114 kBProgress (1): 114 kB                       Downloaded from central: https://repo.maven.apache.org/maven2/org/ow2/asm/asm/7.0/asm-7.0.jar (114 kB at 114 kB/s)
Downloading from central: https://repo.maven.apache.org/maven2/org/apache/maven/shared/maven-dependency-tree/3.0.1/maven-dependency-tree-3.0.1.jar
Progress (1): 16/50 kBProgress (1): 32/50 kBProgress (1): 49/50 kBProgress (2): 49/50 kB | 16/80 kBProgress (2): 49/50 kB | 32/80 kBProgress (2): 50 kB | 32/80 kB                                 Downloaded from central: https://repo.maven.apache.org/maven2/org/ow2/asm/asm-tree/7.0/asm-tree-7.0.jar (50 kB at 50 kB/s)
Downloading from central: https://repo.maven.apache.org/maven2/org/vafer/jdependency/2.1.1/jdependency-2.1.1.jar
Progress (2): 32/80 kB | 16/33 kBProgress (2): 49/80 kB | 16/33 kBProgress (2): 65/80 kB | 16/33 kBProgress (2): 80 kB | 16/33 kB                                 Downloaded from central: https://repo.maven.apache.org/maven2/org/ow2/asm/asm-commons/7.0/asm-commons-7.0.jar (80 kB at 78 kB/s)
Progress (1): 33/33 kBProgress (1): 33 kB                      Downloaded from central: https://repo.maven.apache.org/maven2/org/ow2/asm/asm-analysis/7.0/asm-analysis-7.0.jar (33 kB at 33 kB/s)
Downloading from central: https://repo.maven.apache.org/maven2/org/ow2/asm/asm-util/7.0-beta/asm-util-7.0-beta.jar
Downloading from central: https://repo.maven.apache.org/maven2/com/google/guava/guava/19.0/guava-19.0.jar
Progress (1): 16/305 kBProgress (2): 16/305 kB | 16/37 kBProgress (2): 16/305 kB | 32/37 kBProgress (2): 16/305 kB | 37 kB   Progress (2): 32/305 kB | 37 kBProgress (2): 49/305 kB | 37 kB                               Downloaded from central: https://repo.maven.apache.org/maven2/org/apache/maven/shared/maven-dependency-tree/3.0.1/maven-dependency-tree-3.0.1.jar (37 kB at 35 kB/s)
Progress (1): 65/305 kBProgress (1): 81/305 kBProgress (1): 98/305 kBProgress (1): 114/305 kBProgress (1): 131/305 kBProgress (1): 147/305 kBProgress (2): 147/305 kB | 16/186 kBProgress (3): 147/305 kB | 16/186 kB | 16/81 kBProgress (3): 163/305 kB | 16/186 kB | 16/81 kBProgress (3): 180/305 kB | 16/186 kB | 16/81 kBProgress (3): 196/305 kB | 16/186 kB | 16/81 kBProgress (3): 196/305 kB | 32/186 kB | 16/81 kBProgress (3): 212/305 kB | 32/186 kB | 16/81 kBProgress (3): 219/305 kB | 32/186 kB | 16/81 kBProgress (3): 219/305 kB | 32/186 kB | 33/81 kBProgress (3): 219/305 kB | 49/186 kB | 33/81 kBProgress (3): 236/305 kB | 49/186 kB | 33/81 kBProgress (3): 252/305 kB | 49/186 kB | 33/81 kBProgress (3): 268/305 kB | 49/186 kB | 33/81 kBProgress (3): 268/305 kB | 65/186 kB | 33/81 kBProgress (3): 268/305 kB | 65/186 kB | 49/81 kBProgress (3): 268/305 kB | 81/186 kB | 49/81 kBProgress (3): 268/305 kB | 98/186 kB | 49/81 kBProgress (3): 285/305 kB | 98/186 kB | 49/81 kBProgress (3): 301/305 kB | 98/186 kB | 49/81 kBProgress (3): 305 kB | 98/186 kB | 49/81 kB                                               Downloaded from central: https://repo.maven.apache.org/maven2/org/jdom/jdom2/2.0.6/jdom2-2.0.6.jar (305 kB at 283 kB/s)
Progress (2): 114/186 kB | 49/81 kBProgress (2): 114/186 kB | 66/81 kBProgress (2): 114/186 kB | 81 kB   Progress (3): 114/186 kB | 81 kB | 0/2.3 MB                                           Downloaded from central: https://repo.maven.apache.org/maven2/org/ow2/asm/asm-util/7.0-beta/asm-util-7.0-beta.jar (81 kB at 73 kB/s)
Progress (2): 114/186 kB | 0/2.3 MBProgress (2): 114/186 kB | 0/2.3 MBProgress (2): 114/186 kB | 0.1/2.3 MBProgress (2): 114/186 kB | 0.1/2.3 MBProgress (2): 114/186 kB | 0.1/2.3 MBProgress (2): 131/186 kB | 0.1/2.3 MBProgress (2): 147/186 kB | 0.1/2.3 MBProgress (2): 163/186 kB | 0.1/2.3 MBProgress (2): 180/186 kB | 0.1/2.3 MBProgress (2): 186 kB | 0.1/2.3 MB                                     Downloaded from central: https://repo.maven.apache.org/maven2/org/vafer/jdependency/2.1.1/jdependency-2.1.1.jar (186 kB at 167 kB/s)
Progress (1): 0.1/2.3 MBProgress (1): 0.1/2.3 MBProgress (1): 0.1/2.3 MBProgress (1): 0.2/2.3 MBProgress (1): 0.2/2.3 MBProgress (1): 0.2/2.3 MBProgress (1): 0.2/2.3 MBProgress (1): 0.2/2.3 MBProgress (1): 0.2/2.3 MBProgress (1): 0.3/2.3 MBProgress (1): 0.3/2.3 MBProgress (1): 0.3/2.3 MBProgress (1): 0.3/2.3 MBProgress (1): 0.3/2.3 MBProgress (1): 0.3/2.3 MBProgress (1): 0.4/2.3 MBProgress (1): 0.4/2.3 MBProgress (1): 0.4/2.3 MBProgress (1): 0.4/2.3 MBProgress (1): 0.4/2.3 MBProgress (1): 0.4/2.3 MBProgress (1): 0.5/2.3 MBProgress (1): 0.5/2.3 MBProgress (1): 0.5/2.3 MBProgress (1): 0.5/2.3 MBProgress (1): 0.5/2.3 MBProgress (1): 0.5/2.3 MBProgress (1): 0.5/2.3 MBProgress (1): 0.6/2.3 MBProgress (1): 0.6/2.3 MBProgress (1): 0.6/2.3 MBProgress (1): 0.6/2.3 MBProgress (1): 0.6/2.3 MBProgress (1): 0.6/2.3 MBProgress (1): 0.7/2.3 MBProgress (1): 0.7/2.3 MBProgress (1): 0.7/2.3 MBProgress (1): 0.7/2.3 MBProgress (1): 0.7/2.3 MBProgress (1): 0.7/2.3 MBProgress (1): 0.8/2.3 MBProgress (1): 0.8/2.3 MBProgress (1): 0.8/2.3 MBProgress (1): 0.8/2.3 MBProgress (1): 0.8/2.3 MBProgress (1): 0.8/2.3 MBProgress (1): 0.9/2.3 MBProgress (1): 0.9/2.3 MBProgress (1): 0.9/2.3 MBProgress (1): 0.9/2.3 MBProgress (1): 0.9/2.3 MBProgress (1): 0.9/2.3 MBProgress (1): 1.0/2.3 MBProgress (1): 1.0/2.3 MBProgress (1): 1.0/2.3 MBProgress (1): 1.0/2.3 MBProgress (1): 1.0/2.3 MBProgress (1): 1.0/2.3 MBProgress (1): 1.1/2.3 MBProgress (1): 1.1/2.3 MBProgress (1): 1.1/2.3 MBProgress (1): 1.1/2.3 MBProgress (1): 1.1/2.3 MBProgress (1): 1.1/2.3 MBProgress (1): 1.1/2.3 MBProgress (1): 1.2/2.3 MBProgress (1): 1.2/2.3 MBProgress (1): 1.2/2.3 MBProgress (1): 1.2/2.3 MBProgress (1): 1.2/2.3 MBProgress (1): 1.2/2.3 MBProgress (1): 1.3/2.3 MBProgress (1): 1.3/2.3 MBProgress (1): 1.3/2.3 MBProgress (1): 1.3/2.3 MBProgress (1): 1.3/2.3 MBProgress (1): 1.3/2.3 MBProgress (1): 1.4/2.3 MBProgress (1): 1.4/2.3 MBProgress (1): 1.4/2.3 MBProgress (1): 1.4/2.3 MBProgress (1): 1.4/2.3 MBProgress (1): 1.4/2.3 MBProgress (1): 1.5/2.3 MBProgress (1): 1.5/2.3 MBProgress (1): 1.5/2.3 MBProgress (1): 1.5/2.3 MBProgress (1): 1.5/2.3 MBProgress (1): 1.5/2.3 MBProgress (1): 1.6/2.3 MBProgress (1): 1.6/2.3 MBProgress (1): 1.6/2.3 MBProgress (1): 1.6/2.3 MBProgress (1): 1.6/2.3 MBProgress (1): 1.6/2.3 MBProgress (1): 1.7/2.3 MBProgress (1): 1.7/2.3 MBProgress (1): 1.7/2.3 MBProgress (1): 1.7/2.3 MBProgress (1): 1.7/2.3 MBProgress (1): 1.7/2.3 MBProgress (1): 1.7/2.3 MBProgress (1): 1.8/2.3 MBProgress (1): 1.8/2.3 MBProgress (1): 1.8/2.3 MBProgress (1): 1.8/2.3 MBProgress (1): 1.8/2.3 MBProgress (1): 1.8/2.3 MBProgress (1): 1.9/2.3 MBProgress (1): 1.9/2.3 MBProgress (1): 1.9/2.3 MBProgress (1): 1.9/2.3 MBProgress (1): 1.9/2.3 MBProgress (1): 1.9/2.3 MBProgress (1): 2.0/2.3 MBProgress (1): 2.0/2.3 MBProgress (1): 2.0/2.3 MBProgress (1): 2.0/2.3 MBProgress (1): 2.0/2.3 MBProgress (1): 2.0/2.3 MBProgress (1): 2.1/2.3 MBProgress (1): 2.1/2.3 MBProgress (1): 2.1/2.3 MBProgress (1): 2.1/2.3 MBProgress (1): 2.1/2.3 MBProgress (1): 2.1/2.3 MBProgress (1): 2.2/2.3 MBProgress (1): 2.2/2.3 MBProgress (1): 2.2/2.3 MBProgress (1): 2.2/2.3 MBProgress (1): 2.2/2.3 MBProgress (1): 2.2/2.3 MBProgress (1): 2.3/2.3 MBProgress (1): 2.3/2.3 MBProgress (1): 2.3/2.3 MBProgress (1): 2.3/2.3 MBProgress (1): 2.3/2.3 MBProgress (1): 2.3 MB                        Downloaded from central: https://repo.maven.apache.org/maven2/com/google/guava/guava/19.0/guava-19.0.jar (2.3 MB at 1.2 MB/s)
[INFO] Replacing main artifact with repackaged archive
[INFO] 
[INFO] --- install:2.5.2:install (default-install) @ panda ---
Downloading from central: https://repo.maven.apache.org/maven2/junit/junit/3.8.1/junit-3.8.1.pom
Progress (1): 998 B                   Downloaded from central: https://repo.maven.apache.org/maven2/junit/junit/3.8.1/junit-3.8.1.pom (998 B at 28 kB/s)
Downloading from central: https://repo.maven.apache.org/maven2/commons-codec/commons-codec/1.6/commons-codec-1.6.pom
Progress (1): 11 kB                   Downloaded from central: https://repo.maven.apache.org/maven2/commons-codec/commons-codec/1.6/commons-codec-1.6.pom (11 kB at 259 kB/s)
Downloading from central: https://repo.maven.apache.org/maven2/org/apache/commons/commons-parent/22/commons-parent-22.pom
Progress (1): 16/42 kBProgress (1): 32/42 kBProgress (1): 42 kB                      Downloaded from central: https://repo.maven.apache.org/maven2/org/apache/commons/commons-parent/22/commons-parent-22.pom (42 kB at 710 kB/s)
Downloading from central: https://repo.maven.apache.org/maven2/org/apache/maven/shared/maven-shared-utils/0.4/maven-shared-utils-0.4.pom
Progress (1): 4.0 kB                    Downloaded from central: https://repo.maven.apache.org/maven2/org/apache/maven/shared/maven-shared-utils/0.4/maven-shared-utils-0.4.pom (4.0 kB at 99 kB/s)
Downloading from central: https://repo.maven.apache.org/maven2/junit/junit/3.8.1/junit-3.8.1.jar
Downloading from central: https://repo.maven.apache.org/maven2/classworlds/classworlds/1.1-alpha-2/classworlds-1.1-alpha-2.jar
Downloading from central: https://repo.maven.apache.org/maven2/commons-codec/commons-codec/1.6/commons-codec-1.6.jar
Downloading from central: https://repo.maven.apache.org/maven2/org/codehaus/plexus/plexus-utils/3.0.15/plexus-utils-3.0.15.jar
Downloading from central: https://repo.maven.apache.org/maven2/org/apache/maven/shared/maven-shared-utils/0.4/maven-shared-utils-0.4.jar
Progress (1): 16/121 kBProgress (1): 33/121 kBProgress (1): 49/121 kBProgress (2): 49/121 kB | 16/233 kBProgress (2): 66/121 kB | 16/233 kBProgress (2): 82/121 kB | 16/233 kBProgress (3): 82/121 kB | 16/233 kB | 16/239 kBProgress (3): 82/121 kB | 32/233 kB | 16/239 kBProgress (3): 82/121 kB | 32/233 kB | 32/239 kBProgress (3): 82/121 kB | 32/233 kB | 49/239 kBProgress (3): 82/121 kB | 32/233 kB | 65/239 kBProgress (3): 98/121 kB | 32/233 kB | 65/239 kBProgress (3): 98/121 kB | 32/233 kB | 81/239 kBProgress (3): 98/121 kB | 32/233 kB | 98/239 kBProgress (3): 98/121 kB | 32/233 kB | 114/239 kBProgress (3): 98/121 kB | 49/233 kB | 114/239 kBProgress (3): 98/121 kB | 49/233 kB | 131/239 kBProgress (3): 98/121 kB | 49/233 kB | 147/239 kBProgress (3): 115/121 kB | 49/233 kB | 147/239 kBProgress (4): 115/121 kB | 49/233 kB | 147/239 kB | 16/155 kBProgress (4): 115/121 kB | 65/233 kB | 147/239 kB | 16/155 kBProgress (4): 121 kB | 65/233 kB | 147/239 kB | 16/155 kB    Progress (4): 121 kB | 65/233 kB | 163/239 kB | 16/155 kBProgress (4): 121 kB | 65/233 kB | 180/239 kB | 16/155 kBProgress (4): 121 kB | 65/233 kB | 196/239 kB | 16/155 kBProgress (5): 121 kB | 65/233 kB | 196/239 kB | 16/155 kB | 16/38 kBProgress (5): 121 kB | 65/233 kB | 196/239 kB | 16/155 kB | 32/38 kBProgress (5): 121 kB | 65/233 kB | 196/239 kB | 16/155 kB | 38 kB   Progress (5): 121 kB | 65/233 kB | 196/239 kB | 33/155 kB | 38 kB                                                                 Downloaded from central: https://repo.maven.apache.org/maven2/junit/junit/3.8.1/junit-3.8.1.jar (121 kB at 1.4 MB/s)
Progress (4): 81/233 kB | 196/239 kB | 33/155 kB | 38 kBProgress (4): 98/233 kB | 196/239 kB | 33/155 kB | 38 kB                                                        Downloaded from central: https://repo.maven.apache.org/maven2/classworlds/classworlds/1.1-alpha-2/classworlds-1.1-alpha-2.jar (38 kB at 431 kB/s)
Progress (3): 98/233 kB | 196/239 kB | 49/155 kBProgress (3): 98/233 kB | 196/239 kB | 66/155 kBProgress (3): 98/233 kB | 196/239 kB | 82/155 kBProgress (3): 98/233 kB | 196/239 kB | 98/155 kBProgress (3): 98/233 kB | 196/239 kB | 115/155 kBProgress (3): 98/233 kB | 196/239 kB | 131/155 kBProgress (3): 98/233 kB | 212/239 kB | 131/155 kBProgress (3): 98/233 kB | 229/239 kB | 131/155 kBProgress (3): 98/233 kB | 239 kB | 131/155 kB                                                 Downloaded from central: https://repo.maven.apache.org/maven2/org/codehaus/plexus/plexus-utils/3.0.15/plexus-utils-3.0.15.jar (239 kB at 2.6 MB/s)
Progress (2): 98/233 kB | 147/155 kBProgress (2): 114/233 kB | 147/155 kBProgress (2): 131/233 kB | 147/155 kBProgress (2): 131/233 kB | 155 kB                                     Downloaded from central: https://repo.maven.apache.org/maven2/org/apache/maven/shared/maven-shared-utils/0.4/maven-shared-utils-0.4.jar (155 kB at 1.6 MB/s)
Progress (1): 147/233 kBProgress (1): 163/233 kBProgress (1): 180/233 kBProgress (1): 196/233 kBProgress (1): 212/233 kBProgress (1): 229/233 kBProgress (1): 233 kB                        Downloaded from central: https://repo.maven.apache.org/maven2/commons-codec/commons-codec/1.6/commons-codec-1.6.jar (233 kB at 1.6 MB/s)
[INFO] Installing /home/workspace/CodePull/target/panda-0.0.1.jar to /root/.m2/repository/pl/pandait/panda/0.0.1/panda-0.0.1.jar
[INFO] Installing /home/workspace/CodePull/pom.xml to /root/.m2/repository/pl/pandait/panda/0.0.1/panda-0.0.1.pom
[INFO] ------------------------------------------------------------------------
[INFO] BUILD SUCCESS
[INFO] ------------------------------------------------------------------------
[INFO] Total time:  08:25 min
[INFO] Finished at: 2023-02-27T20:10:52Z
[INFO] ------------------------------------------------------------------------
[CodePull] $ /home/tools/hudson.tasks.Maven_MavenInstallation/m3/bin/mvn test -Pselenium
[INFO] Scanning for projects...
[INFO] 
[INFO] --------------------------< pl.pandait:panda >--------------------------
[INFO] Building panda 0.0.1
[INFO]   from pom.xml
[INFO] --------------------------------[ jar ]---------------------------------
[INFO] 
[INFO] --- resources:3.1.0:resources (default-resources) @ panda ---
[INFO] Using 'UTF-8' encoding to copy filtered resources.
[INFO] Copying 1 resource
[INFO] Copying 2 resources
[INFO] 
[INFO] --- compiler:3.8.1:compile (default-compile) @ panda ---
[INFO] Nothing to compile - all classes are up to date
[INFO] 
[INFO] --- compiler:3.8.1:compile (default) @ panda ---
[INFO] Nothing to compile - all classes are up to date
[INFO] 
[INFO] --- resources:3.1.0:testResources (default-testResources) @ panda ---
[INFO] Using 'UTF-8' encoding to copy filtered resources.
[INFO] skip non existing resourceDirectory /home/workspace/CodePull/src/test/resources
[INFO] 
[INFO] --- compiler:3.8.1:testCompile (default-testCompile) @ panda ---
[INFO] Nothing to compile - all classes are up to date
[INFO] 
[INFO] --- surefire:2.22.2:test (default-test) @ panda ---
[INFO] 
[INFO] -------------------------------------------------------
[INFO]  T E S T S
[INFO] -------------------------------------------------------
[INFO] Running pl.pandait.panda.PandaApplicationSeleniumTest
20:11:01.175 [main] DEBUG org.springframework.test.context.BootstrapUtils - Instantiating CacheAwareContextLoaderDelegate from class [org.springframework.test.context.cache.DefaultCacheAwareContextLoaderDelegate]
20:11:01.193 [main] DEBUG org.springframework.test.context.BootstrapUtils - Instantiating BootstrapContext using constructor [public org.springframework.test.context.support.DefaultBootstrapContext(java.lang.Class,org.springframework.test.context.CacheAwareContextLoaderDelegate)]
20:11:01.233 [main] DEBUG org.springframework.test.context.BootstrapUtils - Instantiating TestContextBootstrapper for test class [pl.pandait.panda.PandaApplicationSeleniumTest] from class [org.springframework.boot.test.context.SpringBootTestContextBootstrapper]
20:11:01.254 [main] INFO org.springframework.boot.test.context.SpringBootTestContextBootstrapper - Neither @ContextConfiguration nor @ContextHierarchy found for test class [pl.pandait.panda.PandaApplicationSeleniumTest], using SpringBootContextLoader
20:11:01.259 [main] DEBUG org.springframework.test.context.support.AbstractContextLoader - Did not detect default resource location for test class [pl.pandait.panda.PandaApplicationSeleniumTest]: class path resource [pl/pandait/panda/PandaApplicationSeleniumTest-context.xml] does not exist
20:11:01.260 [main] DEBUG org.springframework.test.context.support.AbstractContextLoader - Did not detect default resource location for test class [pl.pandait.panda.PandaApplicationSeleniumTest]: class path resource [pl/pandait/panda/PandaApplicationSeleniumTestContext.groovy] does not exist
20:11:01.261 [main] INFO org.springframework.test.context.support.AbstractContextLoader - Could not detect default resource locations for test class [pl.pandait.panda.PandaApplicationSeleniumTest]: no resource found for suffixes {-context.xml, Context.groovy}.
20:11:01.310 [main] DEBUG org.springframework.test.context.support.ActiveProfilesUtils - Could not find an 'annotation declaring class' for annotation type [org.springframework.test.context.ActiveProfiles] and class [pl.pandait.panda.PandaApplicationSeleniumTest]
20:11:01.435 [main] DEBUG org.springframework.boot.test.context.SpringBootTestContextBootstrapper - @TestExecutionListeners is not present for class [pl.pandait.panda.PandaApplicationSeleniumTest]: using defaults.
20:11:01.436 [main] INFO org.springframework.boot.test.context.SpringBootTestContextBootstrapper - Loaded default TestExecutionListener class names from location [META-INF/spring.factories]: [org.springframework.boot.test.mock.mockito.MockitoTestExecutionListener, org.springframework.boot.test.mock.mockito.ResetMocksTestExecutionListener, org.springframework.boot.test.autoconfigure.restdocs.RestDocsTestExecutionListener, org.springframework.boot.test.autoconfigure.web.client.MockRestServiceServerResetTestExecutionListener, org.springframework.boot.test.autoconfigure.web.servlet.MockMvcPrintOnlyOnFailureTestExecutionListener, org.springframework.boot.test.autoconfigure.web.servlet.WebDriverTestExecutionListener, org.springframework.test.context.web.ServletTestExecutionListener, org.springframework.test.context.support.DirtiesContextBeforeModesTestExecutionListener, org.springframework.test.context.support.DependencyInjectionTestExecutionListener, org.springframework.test.context.support.DirtiesContextTestExecutionListener, org.springframework.test.context.transaction.TransactionalTestExecutionListener, org.springframework.test.context.jdbc.SqlScriptsTestExecutionListener, org.springframework.test.context.event.EventPublishingTestExecutionListener]
20:11:01.449 [main] DEBUG org.springframework.boot.test.context.SpringBootTestContextBootstrapper - Skipping candidate TestExecutionListener [org.springframework.test.context.transaction.TransactionalTestExecutionListener] due to a missing dependency. Specify custom listener classes or make the default listener classes and their required dependencies available. Offending class: [org/springframework/transaction/interceptor/TransactionAttributeSource]
20:11:01.450 [main] DEBUG org.springframework.boot.test.context.SpringBootTestContextBootstrapper - Skipping candidate TestExecutionListener [org.springframework.test.context.jdbc.SqlScriptsTestExecutionListener] due to a missing dependency. Specify custom listener classes or make the default listener classes and their required dependencies available. Offending class: [org/springframework/transaction/interceptor/TransactionAttribute]
20:11:01.450 [main] INFO org.springframework.boot.test.context.SpringBootTestContextBootstrapper - Using TestExecutionListeners: [org.springframework.test.context.web.ServletTestExecutionListener@222a59e6, org.springframework.test.context.support.DirtiesContextBeforeModesTestExecutionListener@6c7a164b, org.springframework.boot.test.mock.mockito.MockitoTestExecutionListener@4c2bb6e0, org.springframework.boot.test.autoconfigure.SpringBootDependencyInjectionTestExecutionListener@3e62d773, org.springframework.test.context.support.DirtiesContextTestExecutionListener@4ef74c30, org.springframework.test.context.event.EventPublishingTestExecutionListener@7283d3eb, org.springframework.boot.test.mock.mockito.ResetMocksTestExecutionListener@638ef7ed, org.springframework.boot.test.autoconfigure.restdocs.RestDocsTestExecutionListener@4bff7da0, org.springframework.boot.test.autoconfigure.web.client.MockRestServiceServerResetTestExecutionListener@3f1d2e23, org.springframework.boot.test.autoconfigure.web.servlet.MockMvcPrintOnlyOnFailureTestExecutionListener@536dbea0, org.springframework.boot.test.autoconfigure.web.servlet.WebDriverTestExecutionListener@47c81abf]
20:11:01.455 [main] DEBUG org.springframework.test.context.support.AbstractDirtiesContextTestExecutionListener - Before test class: context [DefaultTestContext@7de62196 testClass = PandaApplicationSeleniumTest, testInstance = [null], testMethod = [null], testException = [null], mergedContextConfiguration = [WebMergedContextConfiguration@163370c2 testClass = PandaApplicationSeleniumTest, locations = '{}', classes = '{class pl.pandait.panda.PandaApplication, class pl.pandait.panda.PandaApplication}', contextInitializerClasses = '[]', activeProfiles = '{}', propertySourceLocations = '{}', propertySourceProperties = '{org.springframework.boot.test.context.SpringBootTestContextBootstrapper=true}', contextCustomizers = set[org.springframework.boot.test.context.filter.ExcludeFilterContextCustomizer@236e3f4e, org.springframework.boot.test.json.DuplicateJsonObjectContextCustomizerFactory$DuplicateJsonObjectContextCustomizer@dd0c991, org.springframework.boot.test.mock.mockito.MockitoContextCustomizer@0, org.springframework.boot.test.web.client.TestRestTemplateContextCustomizer@7e9131d5, org.springframework.boot.test.autoconfigure.properties.PropertyMappingContextCustomizer@0, org.springframework.boot.test.autoconfigure.web.servlet.WebDriverContextCustomizerFactory$Customizer@4d910fd6], resourceBasePath = 'src/main/webapp', contextLoader = 'org.springframework.boot.test.context.SpringBootContextLoader', parent = [null]], attributes = map['org.springframework.test.context.web.ServletTestExecutionListener.activateListener' -> false]], class annotated with @DirtiesContext [false] with mode [null].
20:11:01.470 [main] DEBUG org.springframework.test.context.support.DependencyInjectionTestExecutionListener - Performing dependency injection for test context [[DefaultTestContext@7de62196 testClass = PandaApplicationSeleniumTest, testInstance = pl.pandait.panda.PandaApplicationSeleniumTest@205d38da, testMethod = [null], testException = [null], mergedContextConfiguration = [WebMergedContextConfiguration@163370c2 testClass = PandaApplicationSeleniumTest, locations = '{}', classes = '{class pl.pandait.panda.PandaApplication, class pl.pandait.panda.PandaApplication}', contextInitializerClasses = '[]', activeProfiles = '{}', propertySourceLocations = '{}', propertySourceProperties = '{org.springframework.boot.test.context.SpringBootTestContextBootstrapper=true}', contextCustomizers = set[org.springframework.boot.test.context.filter.ExcludeFilterContextCustomizer@236e3f4e, org.springframework.boot.test.json.DuplicateJsonObjectContextCustomizerFactory$DuplicateJsonObjectContextCustomizer@dd0c991, org.springframework.boot.test.mock.mockito.MockitoContextCustomizer@0, org.springframework.boot.test.web.client.TestRestTemplateContextCustomizer@7e9131d5, org.springframework.boot.test.autoconfigure.properties.PropertyMappingContextCustomizer@0, org.springframework.boot.test.autoconfigure.web.servlet.WebDriverContextCustomizerFactory$Customizer@4d910fd6], resourceBasePath = 'src/main/webapp', contextLoader = 'org.springframework.boot.test.context.SpringBootContextLoader', parent = [null]], attributes = map['org.springframework.test.context.web.ServletTestExecutionListener.activateListener' -> false]]].
20:11:01.503 [main] DEBUG org.springframework.test.context.support.TestPropertySourceUtils - Adding inlined properties to environment: {spring.jmx.enabled=false, org.springframework.boot.test.context.SpringBootTestContextBootstrapper=true}

  .   ____          _            __ _ _
 /\\ / ___'_ __ _ _(_)_ __  __ _ \ \ \ \
( ( )\___ | '_ | '_| | '_ \/ _` | \ \ \ \
 \\/  ___)| |_)| | | | | || (_| |  ) ) ) )
  '  |____| .__|_| |_|_| |_\__, | / / / /
 =========|_|==============|___/=/_/_/_/
 :: Spring Boot ::        (v2.2.4.RELEASE)

2023-02-27 20:11:02.038  INFO 586 --- [           main] p.p.panda.PandaApplicationSeleniumTest   : Starting PandaApplicationSeleniumTest on d2aa0ebe2b52 with PID 586 (started by root in /home/workspace/CodePull)
2023-02-27 20:11:02.041  INFO 586 --- [           main] p.p.panda.PandaApplicationSeleniumTest   : No active profile set, falling back to default profiles: default
2023-02-27 20:11:03.475  INFO 586 --- [           main] o.s.b.w.embedded.tomcat.TomcatWebServer  : Tomcat initialized with port(s): 8080 (http)
2023-02-27 20:11:03.489  INFO 586 --- [           main] o.apache.catalina.core.StandardService   : Starting service [Tomcat]
2023-02-27 20:11:03.490  INFO 586 --- [           main] org.apache.catalina.core.StandardEngine  : Starting Servlet engine: [Apache Tomcat/9.0.30]
2023-02-27 20:11:03.591  INFO 586 --- [           main] o.a.c.c.C.[Tomcat].[localhost].[/]       : Initializing Spring embedded WebApplicationContext
2023-02-27 20:11:03.591  INFO 586 --- [           main] o.s.web.context.ContextLoader            : Root WebApplicationContext: initialization completed in 1505 ms
2023-02-27 20:11:04.030  INFO 586 --- [           main] o.s.s.concurrent.ThreadPoolTaskExecutor  : Initializing ExecutorService 'applicationTaskExecutor'
2023-02-27 20:11:04.128  INFO 586 --- [           main] o.s.b.a.w.s.WelcomePageHandlerMapping    : Adding welcome page: class path resource [static/index.html]
2023-02-27 20:11:04.744  INFO 586 --- [           main] o.s.b.w.embedded.tomcat.TomcatWebServer  : Tomcat started on port(s): 8080 (http) with context path ''
2023-02-27 20:11:04.748  INFO 586 --- [           main] p.p.panda.PandaApplicationSeleniumTest   : Started PandaApplicationSeleniumTest in 3.24 seconds (JVM running for 4.47)
2023-02-27 20:11:05.068  INFO 586 --- [           main] org.openqa.selenium.Capabilities         : Using `new FirefoxOptions()` is preferred to `DesiredCapabilities.firefox()`
2023-02-27 20:11:05.412  INFO 586 --- [           main] org.openqa.selenium.Capabilities         : Using `new FirefoxOptions()` is preferred to `DesiredCapabilities.firefox()`
[8mha:////4Ku+8Jf7k0jRYOmIY1bgdWS9a+Up2KF4kKE7cykNeZgQAAAAYB+LCAAAAAAAAP9b85aBtbiIQSmjNKU4P0+vJLE4u1gvPjexLDVPzxdEuhYV5Rf55Zek1m9pfpLfVWLNxMBQUcQgBdWQnJ9XnJ+TqucMoUEKGSCAEaSwAABqVhoSYAAAAA==[0m[ERROR] Tests run: 2, Failures: 0, Errors: 2, Skipped: 0, Time elapsed: 4.359 s <<< FAILURE! - in pl.pandait.panda.PandaApplicationSeleniumTest
[8mha:////4Ku+8Jf7k0jRYOmIY1bgdWS9a+Up2KF4kKE7cykNeZgQAAAAYB+LCAAAAAAAAP9b85aBtbiIQSmjNKU4P0+vJLE4u1gvPjexLDVPzxdEuhYV5Rf55Zek1m9pfpLfVWLNxMBQUcQgBdWQnJ9XnJ+TqucMoUEKGSCAEaSwAABqVhoSYAAAAA==[0m[ERROR] greetings_shouldOpenMainPageThenReturnWelcomeText  Time elapsed: 0.654 s  <<< ERROR!
org.openqa.selenium.remote.UnreachableBrowserException: 
Could not start a new session. Possible causes are invalid address of the remote server or browser start-up failure.
Build info: version: '3.141.59', revision: 'e82be7d358', time: '2018-11-14T08:17:03'
System info: host: 'd2aa0ebe2b52', ip: '172.18.0.3', os.name: 'Linux', os.arch: 'amd64', os.version: '4.15.0-128-generic', java.version: '11.0.17'
Driver info: driver.version: RemoteWebDriver
	at pl.pandait.panda.PandaApplicationSeleniumTest.startup(PandaApplicationSeleniumTest.java:36)
Caused by: java.io.IOException: unexpected end of stream on http://192.168.44.44:4444/...
	at pl.pandait.panda.PandaApplicationSeleniumTest.startup(PandaApplicationSeleniumTest.java:36)
Caused by: java.io.EOFException: \n not found: limit=0 content=?
	at pl.pandait.panda.PandaApplicationSeleniumTest.startup(PandaApplicationSeleniumTest.java:36)

[8mha:////4Ku+8Jf7k0jRYOmIY1bgdWS9a+Up2KF4kKE7cykNeZgQAAAAYB+LCAAAAAAAAP9b85aBtbiIQSmjNKU4P0+vJLE4u1gvPjexLDVPzxdEuhYV5Rf55Zek1m9pfpLfVWLNxMBQUcQgBdWQnJ9XnJ+TqucMoUEKGSCAEaSwAABqVhoSYAAAAA==[0m[ERROR] greetings_shouldOpenSubpageThenReturnGreetingsText  Time elapsed: 0.013 s  <<< ERROR!
org.openqa.selenium.remote.UnreachableBrowserException: 
Could not start a new session. Possible causes are invalid address of the remote server or browser start-up failure.
Build info: version: '3.141.59', revision: 'e82be7d358', time: '2018-11-14T08:17:03'
System info: host: 'd2aa0ebe2b52', ip: '172.18.0.3', os.name: 'Linux', os.arch: 'amd64', os.version: '4.15.0-128-generic', java.version: '11.0.17'
Driver info: driver.version: RemoteWebDriver
	at pl.pandait.panda.PandaApplicationSeleniumTest.startup(PandaApplicationSeleniumTest.java:36)
Caused by: java.io.IOException: unexpected end of stream on http://192.168.44.44:4444/...
	at pl.pandait.panda.PandaApplicationSeleniumTest.startup(PandaApplicationSeleniumTest.java:36)
Caused by: java.io.EOFException: \n not found: limit=0 content=?
	at pl.pandait.panda.PandaApplicationSeleniumTest.startup(PandaApplicationSeleniumTest.java:36)

2023-02-27 20:11:05.483  INFO 586 --- [extShutdownHook] o.s.s.concurrent.ThreadPoolTaskExecutor  : Shutting down ExecutorService 'applicationTaskExecutor'
[INFO] 
[INFO] Results:
[INFO] 
[8mha:////4Ku+8Jf7k0jRYOmIY1bgdWS9a+Up2KF4kKE7cykNeZgQAAAAYB+LCAAAAAAAAP9b85aBtbiIQSmjNKU4P0+vJLE4u1gvPjexLDVPzxdEuhYV5Rf55Zek1m9pfpLfVWLNxMBQUcQgBdWQnJ9XnJ+TqucMoUEKGSCAEaSwAABqVhoSYAAAAA==[0m[ERROR] Errors: 
[8mha:////4Ku+8Jf7k0jRYOmIY1bgdWS9a+Up2KF4kKE7cykNeZgQAAAAYB+LCAAAAAAAAP9b85aBtbiIQSmjNKU4P0+vJLE4u1gvPjexLDVPzxdEuhYV5Rf55Zek1m9pfpLfVWLNxMBQUcQgBdWQnJ9XnJ+TqucMoUEKGSCAEaSwAABqVhoSYAAAAA==[0m[ERROR]   PandaApplicationSeleniumTest.startup:36 ? UnreachableBrowser Could not start a...
[8mha:////4Ku+8Jf7k0jRYOmIY1bgdWS9a+Up2KF4kKE7cykNeZgQAAAAYB+LCAAAAAAAAP9b85aBtbiIQSmjNKU4P0+vJLE4u1gvPjexLDVPzxdEuhYV5Rf55Zek1m9pfpLfVWLNxMBQUcQgBdWQnJ9XnJ+TqucMoUEKGSCAEaSwAABqVhoSYAAAAA==[0m[ERROR]   PandaApplicationSeleniumTest.startup:36 ? UnreachableBrowser Could not start a...
[INFO] 
[8mha:////4Ku+8Jf7k0jRYOmIY1bgdWS9a+Up2KF4kKE7cykNeZgQAAAAYB+LCAAAAAAAAP9b85aBtbiIQSmjNKU4P0+vJLE4u1gvPjexLDVPzxdEuhYV5Rf55Zek1m9pfpLfVWLNxMBQUcQgBdWQnJ9XnJ+TqucMoUEKGSCAEaSwAABqVhoSYAAAAA==[0m[ERROR] Tests run: 2, Failures: 0, Errors: 2, Skipped: 0
[INFO] 
[INFO] ------------------------------------------------------------------------
[INFO] BUILD FAILURE
[INFO] ------------------------------------------------------------------------
[INFO] Total time:  8.287 s
[INFO] Finished at: 2023-02-27T20:11:05Z
[INFO] ------------------------------------------------------------------------
[8mha:////4Ku+8Jf7k0jRYOmIY1bgdWS9a+Up2KF4kKE7cykNeZgQAAAAYB+LCAAAAAAAAP9b85aBtbiIQSmjNKU4P0+vJLE4u1gvPjexLDVPzxdEuhYV5Rf55Zek1m9pfpLfVWLNxMBQUcQgBdWQnJ9XnJ+TqucMoUEKGSCAEaSwAABqVhoSYAAAAA==[0m[ERROR] Failed to execute goal org.apache.maven.plugins:maven-surefire-plugin:2.22.2:test (default-test) on project panda: There are test failures.
[8mha:////4Ku+8Jf7k0jRYOmIY1bgdWS9a+Up2KF4kKE7cykNeZgQAAAAYB+LCAAAAAAAAP9b85aBtbiIQSmjNKU4P0+vJLE4u1gvPjexLDVPzxdEuhYV5Rf55Zek1m9pfpLfVWLNxMBQUcQgBdWQnJ9XnJ+TqucMoUEKGSCAEaSwAABqVhoSYAAAAA==[0m[ERROR] 
[8mha:////4Ku+8Jf7k0jRYOmIY1bgdWS9a+Up2KF4kKE7cykNeZgQAAAAYB+LCAAAAAAAAP9b85aBtbiIQSmjNKU4P0+vJLE4u1gvPjexLDVPzxdEuhYV5Rf55Zek1m9pfpLfVWLNxMBQUcQgBdWQnJ9XnJ+TqucMoUEKGSCAEaSwAABqVhoSYAAAAA==[0m[ERROR] Please refer to /home/workspace/CodePull/target/surefire-reports for the individual test results.
[8mha:////4Ku+8Jf7k0jRYOmIY1bgdWS9a+Up2KF4kKE7cykNeZgQAAAAYB+LCAAAAAAAAP9b85aBtbiIQSmjNKU4P0+vJLE4u1gvPjexLDVPzxdEuhYV5Rf55Zek1m9pfpLfVWLNxMBQUcQgBdWQnJ9XnJ+TqucMoUEKGSCAEaSwAABqVhoSYAAAAA==[0m[ERROR] Please refer to dump files (if any exist) [date].dump, [date]-jvmRun[N].dump and [date].dumpstream.
[8mha:////4Ku+8Jf7k0jRYOmIY1bgdWS9a+Up2KF4kKE7cykNeZgQAAAAYB+LCAAAAAAAAP9b85aBtbiIQSmjNKU4P0+vJLE4u1gvPjexLDVPzxdEuhYV5Rf55Zek1m9pfpLfVWLNxMBQUcQgBdWQnJ9XnJ+TqucMoUEKGSCAEaSwAABqVhoSYAAAAA==[0m[ERROR] -> [Help 1]
[8mha:////4Ku+8Jf7k0jRYOmIY1bgdWS9a+Up2KF4kKE7cykNeZgQAAAAYB+LCAAAAAAAAP9b85aBtbiIQSmjNKU4P0+vJLE4u1gvPjexLDVPzxdEuhYV5Rf55Zek1m9pfpLfVWLNxMBQUcQgBdWQnJ9XnJ+TqucMoUEKGSCAEaSwAABqVhoSYAAAAA==[0m[ERROR] 
[8mha:////4Ku+8Jf7k0jRYOmIY1bgdWS9a+Up2KF4kKE7cykNeZgQAAAAYB+LCAAAAAAAAP9b85aBtbiIQSmjNKU4P0+vJLE4u1gvPjexLDVPzxdEuhYV5Rf55Zek1m9pfpLfVWLNxMBQUcQgBdWQnJ9XnJ+TqucMoUEKGSCAEaSwAABqVhoSYAAAAA==[0m[ERROR] To see the full stack trace of the errors, re-run Maven with the -e switch.
[8mha:////4Ku+8Jf7k0jRYOmIY1bgdWS9a+Up2KF4kKE7cykNeZgQAAAAYB+LCAAAAAAAAP9b85aBtbiIQSmjNKU4P0+vJLE4u1gvPjexLDVPzxdEuhYV5Rf55Zek1m9pfpLfVWLNxMBQUcQgBdWQnJ9XnJ+TqucMoUEKGSCAEaSwAABqVhoSYAAAAA==[0m[ERROR] Re-run Maven using the -X switch to enable full debug logging.
[8mha:////4Ku+8Jf7k0jRYOmIY1bgdWS9a+Up2KF4kKE7cykNeZgQAAAAYB+LCAAAAAAAAP9b85aBtbiIQSmjNKU4P0+vJLE4u1gvPjexLDVPzxdEuhYV5Rf55Zek1m9pfpLfVWLNxMBQUcQgBdWQnJ9XnJ+TqucMoUEKGSCAEaSwAABqVhoSYAAAAA==[0m[ERROR] 
[8mha:////4Ku+8Jf7k0jRYOmIY1bgdWS9a+Up2KF4kKE7cykNeZgQAAAAYB+LCAAAAAAAAP9b85aBtbiIQSmjNKU4P0+vJLE4u1gvPjexLDVPzxdEuhYV5Rf55Zek1m9pfpLfVWLNxMBQUcQgBdWQnJ9XnJ+TqucMoUEKGSCAEaSwAABqVhoSYAAAAA==[0m[ERROR] For more information about the errors and possible solutions, please read the following articles:
[8mha:////4Ku+8Jf7k0jRYOmIY1bgdWS9a+Up2KF4kKE7cykNeZgQAAAAYB+LCAAAAAAAAP9b85aBtbiIQSmjNKU4P0+vJLE4u1gvPjexLDVPzxdEuhYV5Rf55Zek1m9pfpLfVWLNxMBQUcQgBdWQnJ9XnJ+TqucMoUEKGSCAEaSwAABqVhoSYAAAAA==[0m[ERROR] [Help 1] http://cwiki.apache.org/confluence/display/MAVEN/MojoFailureException
Build step 'Invoke top-level Maven targets' marked build as failure
Finished: FAILURE
